  [1m[35m (3324.2ms)[0m  [1m[35mCREATE DATABASE "pixelperfect_development" ENCODING = 'unicode'[0m
  ↳ bin/rails:9
  [1m[35m (1705.7ms)[0m  [1m[35mCREATE DATABASE "pixelperfect_test" ENCODING = 'unicode'[0m
  ↳ bin/rails:9
Started GET "/" for ::1 at 2021-05-10 10:56:16 -0400
Processing by StaticPagesController#root as HTML
  Rendering static_pages/root.html.erb within layouts/application
  Rendered static_pages/root.html.erb within layouts/application (8.5ms)
Started GET "/" for ::1 at 2021-05-10 10:56:20 -0400
Processing by StaticPagesController#root as HTML
  Rendering static_pages/root.html.erb within layouts/application
  Rendered static_pages/root.html.erb within layouts/application (0.6ms)
Completed 200 OK in 3899ms (Views: 3884.8ms | ActiveRecord: 0.0ms)


Completed 200 OK in 2625ms (Views: 2620.5ms | ActiveRecord: 0.0ms)


Started GET "/" for ::1 at 2021-05-10 11:04:14 -0400
Processing by StaticPagesController#root as HTML
  Rendering static_pages/root.html.erb within layouts/application
  Rendered static_pages/root.html.erb within layouts/application (1.2ms)
Completed 200 OK in 2654ms (Views: 2638.6ms | ActiveRecord: 0.0ms)


Started GET "/" for ::1 at 2021-05-10 11:06:31 -0400
Processing by StaticPagesController#root as HTML
  Rendering static_pages/root.html.erb within layouts/application
  Rendered static_pages/root.html.erb within layouts/application (0.3ms)
Completed 200 OK in 47ms (Views: 40.6ms | ActiveRecord: 0.0ms)


Started GET "/" for ::1 at 2021-05-10 11:06:32 -0400
Processing by StaticPagesController#root as HTML
  Rendering static_pages/root.html.erb within layouts/application
  Rendered static_pages/root.html.erb within layouts/application (0.3ms)
Completed 200 OK in 48ms (Views: 42.1ms | ActiveRecord: 0.0ms)


Started GET "/" for ::1 at 2021-05-10 11:06:32 -0400
Processing by StaticPagesController#root as HTML
  Rendering static_pages/root.html.erb within layouts/application
  Rendered static_pages/root.html.erb within layouts/application (0.3ms)
Completed 200 OK in 48ms (Views: 42.8ms | ActiveRecord: 0.0ms)


Started GET "/" for ::1 at 2021-05-10 11:13:17 -0400
Processing by StaticPagesController#root as HTML
  Rendering static_pages/root.html.erb within layouts/application
  Rendered static_pages/root.html.erb within layouts/application (1.0ms)
Started GET "/" for ::1 at 2021-05-10 11:13:18 -0400
Processing by StaticPagesController#root as HTML
  Rendering static_pages/root.html.erb within layouts/application
  Rendered static_pages/root.html.erb within layouts/application (0.3ms)
Completed 200 OK in 2593ms (Views: 2584.2ms | ActiveRecord: 0.0ms)


Completed 200 OK in 2350ms (Views: 2343.9ms | ActiveRecord: 0.0ms)


Started GET "/" for ::1 at 2021-05-10 11:13:23 -0400
Processing by StaticPagesController#root as HTML
  Rendering static_pages/root.html.erb within layouts/application
  Rendered static_pages/root.html.erb within layouts/application (0.3ms)
Completed 200 OK in 48ms (Views: 42.3ms | ActiveRecord: 0.0ms)


Started GET "/" for ::1 at 2021-05-10 11:13:24 -0400
Processing by StaticPagesController#root as HTML
  Rendering static_pages/root.html.erb within layouts/application
  Rendered static_pages/root.html.erb within layouts/application (0.3ms)
Completed 200 OK in 49ms (Views: 43.3ms | ActiveRecord: 0.0ms)


Started GET "/" for ::1 at 2021-05-10 11:13:24 -0400
Processing by StaticPagesController#root as HTML
  Rendering static_pages/root.html.erb within layouts/application
  Rendered static_pages/root.html.erb within layouts/application (0.3ms)
Completed 200 OK in 51ms (Views: 44.6ms | ActiveRecord: 0.0ms)


Started GET "/" for ::1 at 2021-05-10 11:13:25 -0400
Processing by StaticPagesController#root as HTML
  Rendering static_pages/root.html.erb within layouts/application
  Rendered static_pages/root.html.erb within layouts/application (0.3ms)
Completed 200 OK in 48ms (Views: 42.6ms | ActiveRecord: 0.0ms)


Started GET "/" for ::1 at 2021-05-10 11:13:25 -0400
Processing by StaticPagesController#root as HTML
  Rendering static_pages/root.html.erb within layouts/application
  Rendered static_pages/root.html.erb within layouts/application (0.3ms)
Completed 200 OK in 46ms (Views: 40.4ms | ActiveRecord: 0.0ms)


Started GET "/" for ::1 at 2021-05-10 11:13:25 -0400
Processing by StaticPagesController#root as HTML
  Rendering static_pages/root.html.erb within layouts/application
  Rendered static_pages/root.html.erb within layouts/application (0.3ms)
Completed 200 OK in 45ms (Views: 40.0ms | ActiveRecord: 0.0ms)


Started GET "/" for ::1 at 2021-05-10 11:13:25 -0400
Processing by StaticPagesController#root as HTML
  Rendering static_pages/root.html.erb within layouts/application
  Rendered static_pages/root.html.erb within layouts/application (0.3ms)
Completed 200 OK in 45ms (Views: 40.0ms | ActiveRecord: 0.0ms)


Started GET "/" for ::1 at 2021-05-10 11:14:12 -0400
Processing by StaticPagesController#root as HTML
  Rendering static_pages/root.html.erb within layouts/application
  Rendered static_pages/root.html.erb within layouts/application (0.4ms)
Completed 200 OK in 69ms (Views: 61.9ms | ActiveRecord: 0.0ms)


Started GET "/" for ::1 at 2021-05-10 11:15:22 -0400
Processing by StaticPagesController#root as HTML
  Rendering static_pages/root.html.erb within layouts/application
  Rendered static_pages/root.html.erb within layouts/application (0.4ms)
Completed 200 OK in 47ms (Views: 42.0ms | ActiveRecord: 0.0ms)


Started GET "/bundle" for ::1 at 2021-05-10 11:15:22 -0400
  
ActionController::RoutingError (No route matches [GET] "/bundle"):
  
actionpack (5.2.5) lib/action_dispatch/middleware/debug_exceptions.rb:65:in `call'
web-console (3.7.0) lib/web_console/middleware.rb:135:in `call_app'
web-console (3.7.0) lib/web_console/middleware.rb:30:in `block in call'
web-console (3.7.0) lib/web_console/middleware.rb:20:in `catch'
web-console (3.7.0) lib/web_console/middleware.rb:20:in `call'
actionpack (5.2.5) lib/action_dispatch/middleware/show_exceptions.rb:33:in `call'
railties (5.2.5) lib/rails/rack/logger.rb:38:in `call_app'
railties (5.2.5) lib/rails/rack/logger.rb:26:in `block in call'
activesupport (5.2.5) lib/active_support/tagged_logging.rb:71:in `block in tagged'
activesupport (5.2.5) lib/active_support/tagged_logging.rb:28:in `tagged'
activesupport (5.2.5) lib/active_support/tagged_logging.rb:71:in `tagged'
railties (5.2.5) lib/rails/rack/logger.rb:26:in `call'
sprockets-rails (3.2.2) lib/sprockets/rails/quiet_assets.rb:13:in `call'
actionpack (5.2.5) lib/action_dispatch/middleware/remote_ip.rb:81:in `call'
actionpack (5.2.5) lib/action_dispatch/middleware/request_id.rb:27:in `call'
rack (2.2.3) lib/rack/method_override.rb:24:in `call'
rack (2.2.3) lib/rack/runtime.rb:22:in `call'
activesupport (5.2.5) lib/active_support/cache/strategy/local_cache_middleware.rb:29:in `call'
actionpack (5.2.5) lib/action_dispatch/middleware/executor.rb:14:in `call'
actionpack (5.2.5) lib/action_dispatch/middleware/static.rb:127:in `call'
rack (2.2.3) lib/rack/sendfile.rb:110:in `call'
railties (5.2.5) lib/rails/engine.rb:524:in `call'
puma (3.12.6) lib/puma/configuration.rb:227:in `call'
puma (3.12.6) lib/puma/server.rb:706:in `handle_request'
puma (3.12.6) lib/puma/server.rb:476:in `process_client'
puma (3.12.6) lib/puma/server.rb:334:in `block in run'
puma (3.12.6) lib/puma/thread_pool.rb:135:in `block in spawn_thread'
Started GET "/" for ::1 at 2021-05-10 11:15:54 -0400
Processing by StaticPagesController#root as HTML
  Rendering static_pages/root.html.erb within layouts/application
  Rendered static_pages/root.html.erb within layouts/application (0.3ms)
Completed 200 OK in 45ms (Views: 39.3ms | ActiveRecord: 0.0ms)


Started GET "/bundle" for ::1 at 2021-05-10 11:15:54 -0400
  
ActionController::RoutingError (No route matches [GET] "/bundle"):
  
actionpack (5.2.5) lib/action_dispatch/middleware/debug_exceptions.rb:65:in `call'
web-console (3.7.0) lib/web_console/middleware.rb:135:in `call_app'
web-console (3.7.0) lib/web_console/middleware.rb:30:in `block in call'
web-console (3.7.0) lib/web_console/middleware.rb:20:in `catch'
web-console (3.7.0) lib/web_console/middleware.rb:20:in `call'
actionpack (5.2.5) lib/action_dispatch/middleware/show_exceptions.rb:33:in `call'
railties (5.2.5) lib/rails/rack/logger.rb:38:in `call_app'
railties (5.2.5) lib/rails/rack/logger.rb:26:in `block in call'
activesupport (5.2.5) lib/active_support/tagged_logging.rb:71:in `block in tagged'
activesupport (5.2.5) lib/active_support/tagged_logging.rb:28:in `tagged'
activesupport (5.2.5) lib/active_support/tagged_logging.rb:71:in `tagged'
railties (5.2.5) lib/rails/rack/logger.rb:26:in `call'
sprockets-rails (3.2.2) lib/sprockets/rails/quiet_assets.rb:13:in `call'
actionpack (5.2.5) lib/action_dispatch/middleware/remote_ip.rb:81:in `call'
actionpack (5.2.5) lib/action_dispatch/middleware/request_id.rb:27:in `call'
rack (2.2.3) lib/rack/method_override.rb:24:in `call'
rack (2.2.3) lib/rack/runtime.rb:22:in `call'
activesupport (5.2.5) lib/active_support/cache/strategy/local_cache_middleware.rb:29:in `call'
actionpack (5.2.5) lib/action_dispatch/middleware/executor.rb:14:in `call'
actionpack (5.2.5) lib/action_dispatch/middleware/static.rb:127:in `call'
rack (2.2.3) lib/rack/sendfile.rb:110:in `call'
railties (5.2.5) lib/rails/engine.rb:524:in `call'
puma (3.12.6) lib/puma/configuration.rb:227:in `call'
puma (3.12.6) lib/puma/server.rb:706:in `handle_request'
puma (3.12.6) lib/puma/server.rb:476:in `process_client'
puma (3.12.6) lib/puma/server.rb:334:in `block in run'
puma (3.12.6) lib/puma/thread_pool.rb:135:in `block in spawn_thread'
Started GET "/" for ::1 at 2021-05-10 11:16:15 -0400
Processing by StaticPagesController#root as HTML
  Rendering static_pages/root.html.erb within layouts/application
  Rendered static_pages/root.html.erb within layouts/application (0.3ms)
Completed 200 OK in 48ms (Views: 43.1ms | ActiveRecord: 0.0ms)


Started GET "/bundle" for ::1 at 2021-05-10 11:16:15 -0400
  
ActionController::RoutingError (No route matches [GET] "/bundle"):
  
actionpack (5.2.5) lib/action_dispatch/middleware/debug_exceptions.rb:65:in `call'
web-console (3.7.0) lib/web_console/middleware.rb:135:in `call_app'
web-console (3.7.0) lib/web_console/middleware.rb:30:in `block in call'
web-console (3.7.0) lib/web_console/middleware.rb:20:in `catch'
web-console (3.7.0) lib/web_console/middleware.rb:20:in `call'
actionpack (5.2.5) lib/action_dispatch/middleware/show_exceptions.rb:33:in `call'
railties (5.2.5) lib/rails/rack/logger.rb:38:in `call_app'
railties (5.2.5) lib/rails/rack/logger.rb:26:in `block in call'
activesupport (5.2.5) lib/active_support/tagged_logging.rb:71:in `block in tagged'
activesupport (5.2.5) lib/active_support/tagged_logging.rb:28:in `tagged'
activesupport (5.2.5) lib/active_support/tagged_logging.rb:71:in `tagged'
railties (5.2.5) lib/rails/rack/logger.rb:26:in `call'
sprockets-rails (3.2.2) lib/sprockets/rails/quiet_assets.rb:13:in `call'
actionpack (5.2.5) lib/action_dispatch/middleware/remote_ip.rb:81:in `call'
actionpack (5.2.5) lib/action_dispatch/middleware/request_id.rb:27:in `call'
rack (2.2.3) lib/rack/method_override.rb:24:in `call'
rack (2.2.3) lib/rack/runtime.rb:22:in `call'
activesupport (5.2.5) lib/active_support/cache/strategy/local_cache_middleware.rb:29:in `call'
actionpack (5.2.5) lib/action_dispatch/middleware/executor.rb:14:in `call'
actionpack (5.2.5) lib/action_dispatch/middleware/static.rb:127:in `call'
rack (2.2.3) lib/rack/sendfile.rb:110:in `call'
railties (5.2.5) lib/rails/engine.rb:524:in `call'
puma (3.12.6) lib/puma/configuration.rb:227:in `call'
puma (3.12.6) lib/puma/server.rb:706:in `handle_request'
puma (3.12.6) lib/puma/server.rb:476:in `process_client'
puma (3.12.6) lib/puma/server.rb:334:in `block in run'
puma (3.12.6) lib/puma/thread_pool.rb:135:in `block in spawn_thread'
Started GET "/" for ::1 at 2021-05-10 11:16:18 -0400
Processing by StaticPagesController#root as HTML
  Rendering static_pages/root.html.erb within layouts/application
  Rendered static_pages/root.html.erb within layouts/application (0.3ms)
Completed 200 OK in 45ms (Views: 39.5ms | ActiveRecord: 0.0ms)


Started GET "/bundle" for ::1 at 2021-05-10 11:16:18 -0400
  
ActionController::RoutingError (No route matches [GET] "/bundle"):
  
actionpack (5.2.5) lib/action_dispatch/middleware/debug_exceptions.rb:65:in `call'
web-console (3.7.0) lib/web_console/middleware.rb:135:in `call_app'
web-console (3.7.0) lib/web_console/middleware.rb:30:in `block in call'
web-console (3.7.0) lib/web_console/middleware.rb:20:in `catch'
web-console (3.7.0) lib/web_console/middleware.rb:20:in `call'
actionpack (5.2.5) lib/action_dispatch/middleware/show_exceptions.rb:33:in `call'
railties (5.2.5) lib/rails/rack/logger.rb:38:in `call_app'
railties (5.2.5) lib/rails/rack/logger.rb:26:in `block in call'
activesupport (5.2.5) lib/active_support/tagged_logging.rb:71:in `block in tagged'
activesupport (5.2.5) lib/active_support/tagged_logging.rb:28:in `tagged'
activesupport (5.2.5) lib/active_support/tagged_logging.rb:71:in `tagged'
railties (5.2.5) lib/rails/rack/logger.rb:26:in `call'
sprockets-rails (3.2.2) lib/sprockets/rails/quiet_assets.rb:13:in `call'
actionpack (5.2.5) lib/action_dispatch/middleware/remote_ip.rb:81:in `call'
actionpack (5.2.5) lib/action_dispatch/middleware/request_id.rb:27:in `call'
rack (2.2.3) lib/rack/method_override.rb:24:in `call'
rack (2.2.3) lib/rack/runtime.rb:22:in `call'
activesupport (5.2.5) lib/active_support/cache/strategy/local_cache_middleware.rb:29:in `call'
actionpack (5.2.5) lib/action_dispatch/middleware/executor.rb:14:in `call'
actionpack (5.2.5) lib/action_dispatch/middleware/static.rb:127:in `call'
rack (2.2.3) lib/rack/sendfile.rb:110:in `call'
railties (5.2.5) lib/rails/engine.rb:524:in `call'
puma (3.12.6) lib/puma/configuration.rb:227:in `call'
puma (3.12.6) lib/puma/server.rb:706:in `handle_request'
puma (3.12.6) lib/puma/server.rb:476:in `process_client'
puma (3.12.6) lib/puma/server.rb:334:in `block in run'
puma (3.12.6) lib/puma/thread_pool.rb:135:in `block in spawn_thread'
Started GET "/" for ::1 at 2021-05-10 11:16:18 -0400
Processing by StaticPagesController#root as HTML
  Rendering static_pages/root.html.erb within layouts/application
  Rendered static_pages/root.html.erb within layouts/application (0.3ms)
Completed 200 OK in 47ms (Views: 41.5ms | ActiveRecord: 0.0ms)


Started GET "/bundle" for ::1 at 2021-05-10 11:16:19 -0400
  
ActionController::RoutingError (No route matches [GET] "/bundle"):
  
actionpack (5.2.5) lib/action_dispatch/middleware/debug_exceptions.rb:65:in `call'
web-console (3.7.0) lib/web_console/middleware.rb:135:in `call_app'
web-console (3.7.0) lib/web_console/middleware.rb:30:in `block in call'
web-console (3.7.0) lib/web_console/middleware.rb:20:in `catch'
web-console (3.7.0) lib/web_console/middleware.rb:20:in `call'
actionpack (5.2.5) lib/action_dispatch/middleware/show_exceptions.rb:33:in `call'
railties (5.2.5) lib/rails/rack/logger.rb:38:in `call_app'
railties (5.2.5) lib/rails/rack/logger.rb:26:in `block in call'
activesupport (5.2.5) lib/active_support/tagged_logging.rb:71:in `block in tagged'
activesupport (5.2.5) lib/active_support/tagged_logging.rb:28:in `tagged'
activesupport (5.2.5) lib/active_support/tagged_logging.rb:71:in `tagged'
railties (5.2.5) lib/rails/rack/logger.rb:26:in `call'
sprockets-rails (3.2.2) lib/sprockets/rails/quiet_assets.rb:13:in `call'
actionpack (5.2.5) lib/action_dispatch/middleware/remote_ip.rb:81:in `call'
actionpack (5.2.5) lib/action_dispatch/middleware/request_id.rb:27:in `call'
rack (2.2.3) lib/rack/method_override.rb:24:in `call'
rack (2.2.3) lib/rack/runtime.rb:22:in `call'
activesupport (5.2.5) lib/active_support/cache/strategy/local_cache_middleware.rb:29:in `call'
actionpack (5.2.5) lib/action_dispatch/middleware/executor.rb:14:in `call'
actionpack (5.2.5) lib/action_dispatch/middleware/static.rb:127:in `call'
rack (2.2.3) lib/rack/sendfile.rb:110:in `call'
railties (5.2.5) lib/rails/engine.rb:524:in `call'
puma (3.12.6) lib/puma/configuration.rb:227:in `call'
puma (3.12.6) lib/puma/server.rb:706:in `handle_request'
puma (3.12.6) lib/puma/server.rb:476:in `process_client'
puma (3.12.6) lib/puma/server.rb:334:in `block in run'
puma (3.12.6) lib/puma/thread_pool.rb:135:in `block in spawn_thread'
Started GET "/" for ::1 at 2021-05-10 11:16:30 -0400
Processing by StaticPagesController#root as HTML
  Rendering static_pages/root.html.erb within layouts/application
  Rendered static_pages/root.html.erb within layouts/application (0.3ms)
Completed 200 OK in 50ms (Views: 43.8ms | ActiveRecord: 0.0ms)


Started GET "/bundle" for ::1 at 2021-05-10 11:16:30 -0400
  
ActionController::RoutingError (No route matches [GET] "/bundle"):
  
actionpack (5.2.5) lib/action_dispatch/middleware/debug_exceptions.rb:65:in `call'
web-console (3.7.0) lib/web_console/middleware.rb:135:in `call_app'
web-console (3.7.0) lib/web_console/middleware.rb:30:in `block in call'
web-console (3.7.0) lib/web_console/middleware.rb:20:in `catch'
web-console (3.7.0) lib/web_console/middleware.rb:20:in `call'
actionpack (5.2.5) lib/action_dispatch/middleware/show_exceptions.rb:33:in `call'
railties (5.2.5) lib/rails/rack/logger.rb:38:in `call_app'
railties (5.2.5) lib/rails/rack/logger.rb:26:in `block in call'
activesupport (5.2.5) lib/active_support/tagged_logging.rb:71:in `block in tagged'
activesupport (5.2.5) lib/active_support/tagged_logging.rb:28:in `tagged'
activesupport (5.2.5) lib/active_support/tagged_logging.rb:71:in `tagged'
railties (5.2.5) lib/rails/rack/logger.rb:26:in `call'
sprockets-rails (3.2.2) lib/sprockets/rails/quiet_assets.rb:13:in `call'
actionpack (5.2.5) lib/action_dispatch/middleware/remote_ip.rb:81:in `call'
actionpack (5.2.5) lib/action_dispatch/middleware/request_id.rb:27:in `call'
rack (2.2.3) lib/rack/method_override.rb:24:in `call'
rack (2.2.3) lib/rack/runtime.rb:22:in `call'
activesupport (5.2.5) lib/active_support/cache/strategy/local_cache_middleware.rb:29:in `call'
actionpack (5.2.5) lib/action_dispatch/middleware/executor.rb:14:in `call'
actionpack (5.2.5) lib/action_dispatch/middleware/static.rb:127:in `call'
rack (2.2.3) lib/rack/sendfile.rb:110:in `call'
railties (5.2.5) lib/rails/engine.rb:524:in `call'
puma (3.12.6) lib/puma/configuration.rb:227:in `call'
puma (3.12.6) lib/puma/server.rb:706:in `handle_request'
puma (3.12.6) lib/puma/server.rb:476:in `process_client'
puma (3.12.6) lib/puma/server.rb:334:in `block in run'
puma (3.12.6) lib/puma/thread_pool.rb:135:in `block in spawn_thread'
Started GET "/" for ::1 at 2021-05-10 11:16:53 -0400
Processing by StaticPagesController#root as HTML
  Rendering static_pages/root.html.erb within layouts/application
  Rendered static_pages/root.html.erb within layouts/application (1.1ms)
Started GET "/" for ::1 at 2021-05-10 11:16:54 -0400
Processing by StaticPagesController#root as HTML
  Rendering static_pages/root.html.erb within layouts/application
  Rendered static_pages/root.html.erb within layouts/application (0.4ms)
Started GET "/" for ::1 at 2021-05-10 11:16:55 -0400
Processing by StaticPagesController#root as HTML
  Rendering static_pages/root.html.erb within layouts/application
  Rendered static_pages/root.html.erb within layouts/application (0.4ms)
Started GET "/" for ::1 at 2021-05-10 11:16:56 -0400
Processing by StaticPagesController#root as HTML
  Rendering static_pages/root.html.erb within layouts/application
  Rendered static_pages/root.html.erb within layouts/application (0.4ms)
Completed 200 OK in 2829ms (Views: 2821.7ms | ActiveRecord: 0.0ms)


Completed 200 OK in 2883ms (Views: 2876.9ms | ActiveRecord: 0.0ms)


Completed 200 OK in 2820ms (Views: 2814.6ms | ActiveRecord: 0.0ms)


Completed 200 OK in 2665ms (Views: 2658.6ms | ActiveRecord: 0.0ms)


Started GET "/bundle" for ::1 at 2021-05-10 11:16:58 -0400
  
ActionController::RoutingError (No route matches [GET] "/bundle"):
  
actionpack (5.2.5) lib/action_dispatch/middleware/debug_exceptions.rb:65:in `call'
web-console (3.7.0) lib/web_console/middleware.rb:135:in `call_app'
web-console (3.7.0) lib/web_console/middleware.rb:30:in `block in call'
web-console (3.7.0) lib/web_console/middleware.rb:20:in `catch'
web-console (3.7.0) lib/web_console/middleware.rb:20:in `call'
actionpack (5.2.5) lib/action_dispatch/middleware/show_exceptions.rb:33:in `call'
railties (5.2.5) lib/rails/rack/logger.rb:38:in `call_app'
railties (5.2.5) lib/rails/rack/logger.rb:26:in `block in call'
activesupport (5.2.5) lib/active_support/tagged_logging.rb:71:in `block in tagged'
activesupport (5.2.5) lib/active_support/tagged_logging.rb:28:in `tagged'
activesupport (5.2.5) lib/active_support/tagged_logging.rb:71:in `tagged'
railties (5.2.5) lib/rails/rack/logger.rb:26:in `call'
sprockets-rails (3.2.2) lib/sprockets/rails/quiet_assets.rb:13:in `call'
actionpack (5.2.5) lib/action_dispatch/middleware/remote_ip.rb:81:in `call'
actionpack (5.2.5) lib/action_dispatch/middleware/request_id.rb:27:in `call'
rack (2.2.3) lib/rack/method_override.rb:24:in `call'
rack (2.2.3) lib/rack/runtime.rb:22:in `call'
activesupport (5.2.5) lib/active_support/cache/strategy/local_cache_middleware.rb:29:in `call'
actionpack (5.2.5) lib/action_dispatch/middleware/executor.rb:14:in `call'
actionpack (5.2.5) lib/action_dispatch/middleware/static.rb:127:in `call'
rack (2.2.3) lib/rack/sendfile.rb:110:in `call'
railties (5.2.5) lib/rails/engine.rb:524:in `call'
puma (3.12.6) lib/puma/configuration.rb:227:in `call'
puma (3.12.6) lib/puma/server.rb:706:in `handle_request'
puma (3.12.6) lib/puma/server.rb:476:in `process_client'
puma (3.12.6) lib/puma/server.rb:334:in `block in run'
puma (3.12.6) lib/puma/thread_pool.rb:135:in `block in spawn_thread'
Started GET "/" for ::1 at 2021-05-10 11:33:54 -0400
Processing by StaticPagesController#root as HTML
  Rendering static_pages/root.html.erb within layouts/application
  Rendered static_pages/root.html.erb within layouts/application (1.0ms)
Started GET "/" for ::1 at 2021-05-10 11:33:56 -0400
Processing by StaticPagesController#root as HTML
  Rendering static_pages/root.html.erb within layouts/application
  Rendered static_pages/root.html.erb within layouts/application (0.4ms)
Completed 200 OK in 2852ms (Views: 2844.2ms | ActiveRecord: 0.0ms)


Started GET "/" for ::1 at 2021-05-10 11:33:57 -0400
Processing by StaticPagesController#root as HTML
  Rendering static_pages/root.html.erb within layouts/application
  Rendered static_pages/root.html.erb within layouts/application (0.5ms)
Completed 200 OK in 79ms (Views: 73.0ms | ActiveRecord: 0.0ms)


Started GET "/" for ::1 at 2021-05-10 11:33:57 -0400
Processing by StaticPagesController#root as HTML
  Rendering static_pages/root.html.erb within layouts/application
  Rendered static_pages/root.html.erb within layouts/application (0.4ms)
Completed 200 OK in 55ms (Views: 49.2ms | ActiveRecord: 0.0ms)


Started GET "/" for ::1 at 2021-05-10 11:33:58 -0400
Processing by StaticPagesController#root as HTML
  Rendering static_pages/root.html.erb within layouts/application
  Rendered static_pages/root.html.erb within layouts/application (0.3ms)
Completed 200 OK in 62ms (Views: 56.5ms | ActiveRecord: 0.0ms)


Completed 200 OK in 2548ms (Views: 2541.4ms | ActiveRecord: 0.0ms)


Started GET "/" for ::1 at 2021-05-10 11:33:59 -0400
Processing by StaticPagesController#root as HTML
  Rendering static_pages/root.html.erb within layouts/application
  Rendered static_pages/root.html.erb within layouts/application (0.3ms)
Completed 200 OK in 49ms (Views: 42.7ms | ActiveRecord: 0.0ms)


Started GET "/" for ::1 at 2021-05-10 11:33:59 -0400
Processing by StaticPagesController#root as HTML
  Rendering static_pages/root.html.erb within layouts/application
  Rendered static_pages/root.html.erb within layouts/application (0.4ms)
Completed 200 OK in 48ms (Views: 42.8ms | ActiveRecord: 0.0ms)


Started GET "/" for ::1 at 2021-05-10 11:34:00 -0400
Processing by StaticPagesController#root as HTML
  Rendering static_pages/root.html.erb within layouts/application
  Rendered static_pages/root.html.erb within layouts/application (0.3ms)
Completed 200 OK in 48ms (Views: 43.0ms | ActiveRecord: 0.0ms)


Started GET "/" for ::1 at 2021-05-10 11:34:00 -0400
Processing by StaticPagesController#root as HTML
  Rendering static_pages/root.html.erb within layouts/application
  Rendered static_pages/root.html.erb within layouts/application (0.4ms)
Completed 200 OK in 50ms (Views: 43.5ms | ActiveRecord: 0.0ms)


Started GET "/" for ::1 at 2021-05-10 11:55:53 -0400
Processing by StaticPagesController#root as HTML
  Rendering static_pages/root.html.erb within layouts/application
  Rendered static_pages/root.html.erb within layouts/application (1.0ms)
Completed 200 OK in 3022ms (Views: 3013.9ms | ActiveRecord: 0.0ms)


  [1m[35m (23.8ms)[0m  [1m[35mCREATE TABLE "schema_migrations" ("version" character varying NOT NULL PRIMARY KEY)[0m
  ↳ bin/rails:9
  [1m[35m (8.9ms)[0m  [1m[35mCREATE TABLE "ar_internal_metadata" ("key" character varying NOT NULL PRIMARY KEY, "value" character varying, "created_at" timestamp NOT NULL, "updated_at" timestamp NOT NULL)[0m
  ↳ bin/rails:9
  [1m[35m (0.1ms)[0m  [1m[34mSELECT pg_try_advisory_lock(3558360442719290250)[0m
  ↳ bin/rails:9
  [1m[35m (6.8ms)[0m  [1m[34mSELECT "schema_migrations"."version" FROM "schema_migrations" ORDER BY "schema_migrations"."version" ASC[0m
  ↳ bin/rails:9
Migrating to CreateUsers (20210510155829)
  [1m[35m (0.8ms)[0m  [1m[35mCREATE UNIQUE INDEX  "index_users_on_email" ON "users"  ("email")[0m
  ↳ db/migrate/20210510155829_create_users.rb:14
  [1m[35m (0.6ms)[0m  [1m[35mCREATE UNIQUE INDEX  "index_users_on_email" ON "users"  ("email")[0m
  ↳ db/migrate/20210510155829_create_users.rb:14
  [1m[35m (0.3ms)[0m  [1m[34mSELECT pg_advisory_unlock(3558360442719290250)[0m
  ↳ bin/rails:9
  [1m[35m (0.1ms)[0m  [1m[34mSELECT pg_try_advisory_lock(3558360442719290250)[0m
  ↳ bin/rails:9
  [1m[35m (0.5ms)[0m  [1m[34mSELECT "schema_migrations"."version" FROM "schema_migrations" ORDER BY "schema_migrations"."version" ASC[0m
  ↳ bin/rails:9
Migrating to CreateUsers (20210510155829)
  [1m[35m (0.1ms)[0m  [1m[35mBEGIN[0m
  ↳ bin/rails:9
  [1m[35m (72.8ms)[0m  [1m[35mCREATE TABLE "users" ("id" bigserial primary key, "email" character varying NOT NULL, "firstname" character varying NOT NULL, "lastname" character varying NOT NULL, "password_digest" character varying NOT NULL, "session_token" character varying NOT NULL, "about_me" character varying, "created_at" timestamp NOT NULL, "updated_at" timestamp NOT NULL)[0m
  ↳ db/migrate/20210510155829_create_users.rb:3
  [1m[35m (3.2ms)[0m  [1m[35mCREATE UNIQUE INDEX  "index_users_on_email" ON "users"  ("email")[0m
  ↳ db/migrate/20210510155829_create_users.rb:12
  [1m[36mActiveRecord::SchemaMigration Create (1.1ms)[0m  [1m[32mINSERT INTO "schema_migrations" ("version") VALUES ($1) RETURNING "version"[0m  [["version", "20210510155829"]]
  ↳ bin/rails:9
  [1m[35m (8.1ms)[0m  [1m[35mCOMMIT[0m
  ↳ bin/rails:9
  [1m[36mActiveRecord::InternalMetadata Load (6.1ms)[0m  [1m[34mSELECT  "ar_internal_metadata".* FROM "ar_internal_metadata" WHERE "ar_internal_metadata"."key" = $1 LIMIT $2[0m  [["key", "environment"], ["LIMIT", 1]]
  ↳ bin/rails:9
  [1m[35m (0.1ms)[0m  [1m[35mBEGIN[0m
  ↳ bin/rails:9
  [1m[36mActiveRecord::InternalMetadata Create (0.9ms)[0m  [1m[32mINSERT INTO "ar_internal_metadata" ("key", "value", "created_at", "updated_at") VALUES ($1, $2, $3, $4) RETURNING "key"[0m  [["key", "environment"], ["value", "development"], ["created_at", "2021-05-10 16:09:40.511032"], ["updated_at", "2021-05-10 16:09:40.511032"]]
  ↳ bin/rails:9
  [1m[35m (0.3ms)[0m  [1m[35mCOMMIT[0m
  ↳ bin/rails:9
  [1m[35m (0.2ms)[0m  [1m[34mSELECT pg_advisory_unlock(3558360442719290250)[0m
  ↳ bin/rails:9
  [1m[35m (0.3ms)[0m  [1m[34mSELECT "schema_migrations"."version" FROM "schema_migrations" ORDER BY "schema_migrations"."version" ASC[0m
  ↳ bin/rails:9
  [1m[35m (12.0ms)[0m  [1m[34mSELECT "schema_migrations"."version" FROM "schema_migrations" ORDER BY "schema_migrations"."version" ASC[0m
  ↳ bin/rails:9
  [1m[35m (0.1ms)[0m  [1m[34mSELECT "schema_migrations"."version" FROM "schema_migrations" ORDER BY "schema_migrations"."version" ASC[0m
  ↳ bin/rails:9
  [1m[35m (0.2ms)[0m  [1m[34mSELECT "schema_migrations"."version" FROM "schema_migrations" ORDER BY "schema_migrations"."version" ASC[0m
  ↳ bin/rails:9
  [1m[35m (0.1ms)[0m  [1m[34mSELECT pg_try_advisory_lock(3558360442719290250)[0m
  ↳ bin/rails:9
  [1m[35m (0.2ms)[0m  [1m[34mSELECT "schema_migrations"."version" FROM "schema_migrations" ORDER BY "schema_migrations"."version" ASC[0m
  ↳ bin/rails:9
Migrating to CreateUsers (20210510155829)
  [1m[35m (0.1ms)[0m  [1m[35mBEGIN[0m
  ↳ bin/rails:9
  [1m[35m (1.7ms)[0m  [1m[35mDROP INDEX  "index_users_on_email"[0m
  ↳ bin/rails:9
  [1m[35m (8.0ms)[0m  [1m[35mDROP TABLE "users"[0m
  ↳ bin/rails:9
  [1m[36mActiveRecord::SchemaMigration Destroy (0.5ms)[0m  [1m[31mDELETE FROM "schema_migrations" WHERE "schema_migrations"."version" = $1[0m  [["version", "20210510155829"]]
  ↳ bin/rails:9
  [1m[35m (32.1ms)[0m  [1m[35mCOMMIT[0m
  ↳ bin/rails:9
  [1m[35m (0.4ms)[0m  [1m[34mSELECT pg_advisory_unlock(3558360442719290250)[0m
  ↳ bin/rails:9
  [1m[35m (0.2ms)[0m  [1m[34mSELECT "schema_migrations"."version" FROM "schema_migrations" ORDER BY "schema_migrations"."version" ASC[0m
  ↳ bin/rails:9
  [1m[35m (0.1ms)[0m  [1m[34mSELECT pg_try_advisory_lock(3558360442719290250)[0m
  ↳ bin/rails:9
  [1m[35m (0.5ms)[0m  [1m[34mSELECT "schema_migrations"."version" FROM "schema_migrations" ORDER BY "schema_migrations"."version" ASC[0m
  ↳ bin/rails:9
Migrating to CreateUsers (20210510155829)
  [1m[35m (0.2ms)[0m  [1m[35mBEGIN[0m
  ↳ bin/rails:9
  [1m[35m (42.6ms)[0m  [1m[35mCREATE TABLE "users" ("id" bigserial primary key, "email" character varying NOT NULL, "username" character varying NOT NULL, "firstname" character varying NOT NULL, "lastname" character varying NOT NULL, "password_digest" character varying NOT NULL, "session_token" character varying NOT NULL, "about_me" character varying, "created_at" timestamp NOT NULL, "updated_at" timestamp NOT NULL)[0m
  ↳ db/migrate/20210510155829_create_users.rb:3
  [1m[35m (3.2ms)[0m  [1m[35mCREATE UNIQUE INDEX  "index_users_on_email" ON "users"  ("email")[0m
  ↳ db/migrate/20210510155829_create_users.rb:13
  [1m[35m (3.1ms)[0m  [1m[35mCREATE  INDEX  "index_users_on_session_token" ON "users"  ("session_token")[0m
  ↳ db/migrate/20210510155829_create_users.rb:14
  [1m[36mActiveRecord::SchemaMigration Create (0.5ms)[0m  [1m[32mINSERT INTO "schema_migrations" ("version") VALUES ($1) RETURNING "version"[0m  [["version", "20210510155829"]]
  ↳ bin/rails:9
  [1m[35m (6.9ms)[0m  [1m[35mCOMMIT[0m
  ↳ bin/rails:9
  [1m[36mActiveRecord::InternalMetadata Load (13.4ms)[0m  [1m[34mSELECT  "ar_internal_metadata".* FROM "ar_internal_metadata" WHERE "ar_internal_metadata"."key" = $1 LIMIT $2[0m  [["key", "environment"], ["LIMIT", 1]]
  ↳ bin/rails:9
  [1m[35m (0.2ms)[0m  [1m[35mBEGIN[0m
  ↳ bin/rails:9
  [1m[35m (0.1ms)[0m  [1m[35mCOMMIT[0m
  ↳ bin/rails:9
  [1m[35m (0.2ms)[0m  [1m[34mSELECT pg_advisory_unlock(3558360442719290250)[0m
  ↳ bin/rails:9
  [1m[35m (0.3ms)[0m  [1m[34mSELECT "schema_migrations"."version" FROM "schema_migrations" ORDER BY "schema_migrations"."version" ASC[0m
  ↳ bin/rails:9
  [1m[35m (12.4ms)[0m  [1m[34mSELECT "schema_migrations"."version" FROM "schema_migrations" ORDER BY "schema_migrations"."version" ASC[0m
  ↳ bin/rails:9
  [1m[35m (0.2ms)[0m  [1m[34mSELECT "schema_migrations"."version" FROM "schema_migrations" ORDER BY "schema_migrations"."version" ASC[0m
  ↳ bin/rails:9
  [1m[35m (0.1ms)[0m  [1m[34mSELECT "schema_migrations"."version" FROM "schema_migrations" ORDER BY "schema_migrations"."version" ASC[0m
  ↳ bin/rails:9
  [1m[35m (0.1ms)[0m  [1m[34mSELECT pg_try_advisory_lock(3558360442719290250)[0m
  ↳ bin/rails:9
  [1m[35m (0.2ms)[0m  [1m[34mSELECT "schema_migrations"."version" FROM "schema_migrations" ORDER BY "schema_migrations"."version" ASC[0m
  ↳ bin/rails:9
Migrating to CreateUsers (20210510155829)
  [1m[35m (0.2ms)[0m  [1m[35mBEGIN[0m
  ↳ bin/rails:9
  [1m[35m (0.5ms)[0m  [1m[35mDROP INDEX  "index_users_on_session_token"[0m
  ↳ bin/rails:9
  [1m[35m (0.2ms)[0m  [1m[35mDROP INDEX  "index_users_on_email"[0m
  ↳ bin/rails:9
  [1m[35m (1.2ms)[0m  [1m[35mDROP TABLE "users"[0m
  ↳ bin/rails:9
  [1m[36mActiveRecord::SchemaMigration Destroy (0.5ms)[0m  [1m[31mDELETE FROM "schema_migrations" WHERE "schema_migrations"."version" = $1[0m  [["version", "20210510155829"]]
  ↳ bin/rails:9
  [1m[35m (41.5ms)[0m  [1m[35mCOMMIT[0m
  ↳ bin/rails:9
  [1m[35m (0.2ms)[0m  [1m[34mSELECT pg_advisory_unlock(3558360442719290250)[0m
  ↳ bin/rails:9
  [1m[35m (0.2ms)[0m  [1m[34mSELECT "schema_migrations"."version" FROM "schema_migrations" ORDER BY "schema_migrations"."version" ASC[0m
  ↳ bin/rails:9
  [1m[35m (0.1ms)[0m  [1m[34mSELECT pg_try_advisory_lock(3558360442719290250)[0m
  ↳ bin/rails:9
  [1m[35m (0.5ms)[0m  [1m[34mSELECT "schema_migrations"."version" FROM "schema_migrations" ORDER BY "schema_migrations"."version" ASC[0m
  ↳ bin/rails:9
Migrating to CreateUsers (20210510155829)
  [1m[35m (0.1ms)[0m  [1m[35mBEGIN[0m
  ↳ bin/rails:9
  [1m[35m (34.4ms)[0m  [1m[35mCREATE TABLE "users" ("id" bigserial primary key, "email" character varying NOT NULL, "username" character varying NOT NULL, "firstname" character varying NOT NULL, "lastname" character varying NOT NULL, "password_digest" character varying NOT NULL, "session_token" character varying NOT NULL, "about_me" character varying, "profile_pic" character varying, "created_at" timestamp NOT NULL, "updated_at" timestamp NOT NULL)[0m
  ↳ db/migrate/20210510155829_create_users.rb:3
  [1m[35m (3.1ms)[0m  [1m[35mCREATE UNIQUE INDEX  "index_users_on_email" ON "users"  ("email")[0m
  ↳ db/migrate/20210510155829_create_users.rb:14
  [1m[35m (3.3ms)[0m  [1m[35mCREATE  INDEX  "index_users_on_session_token" ON "users"  ("session_token")[0m
  ↳ db/migrate/20210510155829_create_users.rb:15
  [1m[36mActiveRecord::SchemaMigration Create (0.5ms)[0m  [1m[32mINSERT INTO "schema_migrations" ("version") VALUES ($1) RETURNING "version"[0m  [["version", "20210510155829"]]
  ↳ bin/rails:9
  [1m[35m (7.7ms)[0m  [1m[35mCOMMIT[0m
  ↳ bin/rails:9
  [1m[36mActiveRecord::InternalMetadata Load (7.3ms)[0m  [1m[34mSELECT  "ar_internal_metadata".* FROM "ar_internal_metadata" WHERE "ar_internal_metadata"."key" = $1 LIMIT $2[0m  [["key", "environment"], ["LIMIT", 1]]
  ↳ bin/rails:9
  [1m[35m (0.1ms)[0m  [1m[35mBEGIN[0m
  ↳ bin/rails:9
  [1m[35m (0.1ms)[0m  [1m[35mCOMMIT[0m
  ↳ bin/rails:9
  [1m[35m (0.1ms)[0m  [1m[34mSELECT pg_advisory_unlock(3558360442719290250)[0m
  ↳ bin/rails:9
  [1m[35m (0.4ms)[0m  [1m[34mSELECT "schema_migrations"."version" FROM "schema_migrations" ORDER BY "schema_migrations"."version" ASC[0m
  ↳ bin/rails:9
  [1m[35m (12.3ms)[0m  [1m[34mSELECT "schema_migrations"."version" FROM "schema_migrations" ORDER BY "schema_migrations"."version" ASC[0m
  ↳ bin/rails:9
  [1m[35m (0.2ms)[0m  [1m[34mSELECT "schema_migrations"."version" FROM "schema_migrations" ORDER BY "schema_migrations"."version" ASC[0m
  ↳ bin/rails:9
  [1m[35m (0.1ms)[0m  [1m[34mSELECT "schema_migrations"."version" FROM "schema_migrations" ORDER BY "schema_migrations"."version" ASC[0m
  ↳ bin/rails:9
  [1m[35m (0.1ms)[0m  [1m[34mSELECT pg_try_advisory_lock(3558360442719290250)[0m
  ↳ bin/rails:9
  [1m[35m (0.2ms)[0m  [1m[34mSELECT "schema_migrations"."version" FROM "schema_migrations" ORDER BY "schema_migrations"."version" ASC[0m
  ↳ bin/rails:9
Migrating to CreateUsers (20210510155829)
  [1m[35m (0.1ms)[0m  [1m[35mBEGIN[0m
  ↳ bin/rails:9
  [1m[35m (0.5ms)[0m  [1m[35mDROP INDEX  "index_users_on_session_token"[0m
  ↳ bin/rails:9
  [1m[35m (0.2ms)[0m  [1m[35mDROP INDEX  "index_users_on_email"[0m
  ↳ bin/rails:9
  [1m[35m (1.5ms)[0m  [1m[35mDROP TABLE "users"[0m
  ↳ bin/rails:9
  [1m[36mActiveRecord::SchemaMigration Destroy (0.5ms)[0m  [1m[31mDELETE FROM "schema_migrations" WHERE "schema_migrations"."version" = $1[0m  [["version", "20210510155829"]]
  ↳ bin/rails:9
  [1m[35m (39.9ms)[0m  [1m[35mCOMMIT[0m
  ↳ bin/rails:9
  [1m[35m (0.2ms)[0m  [1m[34mSELECT pg_advisory_unlock(3558360442719290250)[0m
  ↳ bin/rails:9
  [1m[35m (0.2ms)[0m  [1m[34mSELECT "schema_migrations"."version" FROM "schema_migrations" ORDER BY "schema_migrations"."version" ASC[0m
  ↳ bin/rails:9
  [1m[35m (0.1ms)[0m  [1m[34mSELECT pg_try_advisory_lock(3558360442719290250)[0m
  ↳ bin/rails:9
  [1m[35m (0.5ms)[0m  [1m[34mSELECT "schema_migrations"."version" FROM "schema_migrations" ORDER BY "schema_migrations"."version" ASC[0m
  ↳ bin/rails:9
Migrating to CreateUsers (20210510155829)
  [1m[35m (0.2ms)[0m  [1m[35mBEGIN[0m
  ↳ bin/rails:9
  [1m[35m (37.0ms)[0m  [1m[35mCREATE TABLE "users" ("id" bigserial primary key, "email" character varying NOT NULL, "username" character varying NOT NULL, "firstname" character varying NOT NULL, "lastname" character varying NOT NULL, "password_digest" character varying NOT NULL, "session_token" character varying NOT NULL, "about_me" character varying, "created_at" timestamp NOT NULL, "updated_at" timestamp NOT NULL)[0m
  ↳ db/migrate/20210510155829_create_users.rb:3
  [1m[35m (3.3ms)[0m  [1m[35mCREATE UNIQUE INDEX  "index_users_on_email" ON "users"  ("email")[0m
  ↳ db/migrate/20210510155829_create_users.rb:13
  [1m[35m (10.6ms)[0m  [1m[35mCREATE  INDEX  "index_users_on_session_token" ON "users"  ("session_token")[0m
  ↳ db/migrate/20210510155829_create_users.rb:14
  [1m[36mActiveRecord::SchemaMigration Create (0.5ms)[0m  [1m[32mINSERT INTO "schema_migrations" ("version") VALUES ($1) RETURNING "version"[0m  [["version", "20210510155829"]]
  ↳ bin/rails:9
  [1m[35m (6.3ms)[0m  [1m[35mCOMMIT[0m
  ↳ bin/rails:9
  [1m[36mActiveRecord::InternalMetadata Load (0.6ms)[0m  [1m[34mSELECT  "ar_internal_metadata".* FROM "ar_internal_metadata" WHERE "ar_internal_metadata"."key" = $1 LIMIT $2[0m  [["key", "environment"], ["LIMIT", 1]]
  ↳ bin/rails:9
  [1m[35m (0.2ms)[0m  [1m[35mBEGIN[0m
  ↳ bin/rails:9
  [1m[35m (0.1ms)[0m  [1m[35mCOMMIT[0m
  ↳ bin/rails:9
  [1m[35m (0.2ms)[0m  [1m[34mSELECT pg_advisory_unlock(3558360442719290250)[0m
  ↳ bin/rails:9
  [1m[35m (0.3ms)[0m  [1m[34mSELECT "schema_migrations"."version" FROM "schema_migrations" ORDER BY "schema_migrations"."version" ASC[0m
  ↳ bin/rails:9
  [1m[35m (12.9ms)[0m  [1m[34mSELECT "schema_migrations"."version" FROM "schema_migrations" ORDER BY "schema_migrations"."version" ASC[0m
  ↳ bin/rails:9
  [1m[35m (0.2ms)[0m  [1m[34mSELECT "schema_migrations"."version" FROM "schema_migrations" ORDER BY "schema_migrations"."version" ASC[0m
  ↳ bin/rails:9
  [1m[35m (0.1ms)[0m  [1m[34mSELECT "schema_migrations"."version" FROM "schema_migrations" ORDER BY "schema_migrations"."version" ASC[0m
  ↳ bin/rails:9
  [1m[35m (0.1ms)[0m  [1m[34mSELECT pg_try_advisory_lock(3558360442719290250)[0m
  ↳ bin/rails:9
  [1m[35m (0.2ms)[0m  [1m[34mSELECT "schema_migrations"."version" FROM "schema_migrations" ORDER BY "schema_migrations"."version" ASC[0m
  ↳ bin/rails:9
Migrating to CreateUsers (20210510155829)
  [1m[35m (0.1ms)[0m  [1m[35mBEGIN[0m
  ↳ bin/rails:9
  [1m[35m (0.4ms)[0m  [1m[35mDROP INDEX  "index_users_on_session_token"[0m
  ↳ bin/rails:9
  [1m[35m (0.2ms)[0m  [1m[35mDROP INDEX  "index_users_on_email"[0m
  ↳ bin/rails:9
  [1m[35m (1.1ms)[0m  [1m[35mDROP TABLE "users"[0m
  ↳ bin/rails:9
  [1m[36mActiveRecord::SchemaMigration Destroy (0.5ms)[0m  [1m[31mDELETE FROM "schema_migrations" WHERE "schema_migrations"."version" = $1[0m  [["version", "20210510155829"]]
  ↳ bin/rails:9
  [1m[35m (36.9ms)[0m  [1m[35mCOMMIT[0m
  ↳ bin/rails:9
  [1m[35m (0.2ms)[0m  [1m[34mSELECT pg_advisory_unlock(3558360442719290250)[0m
  ↳ bin/rails:9
  [1m[35m (0.3ms)[0m  [1m[34mSELECT "schema_migrations"."version" FROM "schema_migrations" ORDER BY "schema_migrations"."version" ASC[0m
  ↳ bin/rails:9
  [1m[35m (0.1ms)[0m  [1m[34mSELECT pg_try_advisory_lock(3558360442719290250)[0m
  ↳ bin/rails:9
  [1m[35m (0.5ms)[0m  [1m[34mSELECT "schema_migrations"."version" FROM "schema_migrations" ORDER BY "schema_migrations"."version" ASC[0m
  ↳ bin/rails:9
Migrating to CreateUsers (20210510155829)
  [1m[35m (0.1ms)[0m  [1m[35mBEGIN[0m
  ↳ bin/rails:9
  [1m[35m (34.4ms)[0m  [1m[35mCREATE TABLE "users" ("id" bigserial primary key, "email" character varying NOT NULL, "username" character varying NOT NULL, "firstname" character varying NOT NULL, "lastname" character varying NOT NULL, "password_digest" character varying NOT NULL, "session_token" character varying NOT NULL, "aboutMe" character varying, "created_at" timestamp NOT NULL, "updated_at" timestamp NOT NULL)[0m
  ↳ db/migrate/20210510155829_create_users.rb:3
  [1m[35m (3.1ms)[0m  [1m[35mCREATE UNIQUE INDEX  "index_users_on_email" ON "users"  ("email")[0m
  ↳ db/migrate/20210510155829_create_users.rb:13
  [1m[35m (3.0ms)[0m  [1m[35mCREATE  INDEX  "index_users_on_session_token" ON "users"  ("session_token")[0m
  ↳ db/migrate/20210510155829_create_users.rb:14
  [1m[36mActiveRecord::SchemaMigration Create (0.4ms)[0m  [1m[32mINSERT INTO "schema_migrations" ("version") VALUES ($1) RETURNING "version"[0m  [["version", "20210510155829"]]
  ↳ bin/rails:9
  [1m[35m (6.5ms)[0m  [1m[35mCOMMIT[0m
  ↳ bin/rails:9
Migrating to CreatePictures (20210510181537)
  [1m[35m (20.9ms)[0m  [1m[35mBEGIN[0m
  ↳ bin/rails:9
  [1m[35m (9.8ms)[0m  [1m[35mCREATE TABLE "pictures" ("id" bigserial primary key, "title" character varying NOT NULL, "private" boolean NOT NULL, "description" text, "ownerId" integer NOT NULL, "created_at" timestamp NOT NULL, "updated_at" timestamp NOT NULL)[0m
  ↳ db/migrate/20210510181537_create_pictures.rb:3
  [1m[35m (3.6ms)[0m  [1m[35mCREATE  INDEX  "index_pictures_on_ownerId" ON "pictures"  ("ownerId")[0m
  ↳ db/migrate/20210510181537_create_pictures.rb:10
  [1m[36mActiveRecord::SchemaMigration Create (0.3ms)[0m  [1m[32mINSERT INTO "schema_migrations" ("version") VALUES ($1) RETURNING "version"[0m  [["version", "20210510181537"]]
  ↳ bin/rails:9
  [1m[35m (0.4ms)[0m  [1m[35mCOMMIT[0m
  ↳ bin/rails:9
  [1m[36mActiveRecord::InternalMetadata Load (0.6ms)[0m  [1m[34mSELECT  "ar_internal_metadata".* FROM "ar_internal_metadata" WHERE "ar_internal_metadata"."key" = $1 LIMIT $2[0m  [["key", "environment"], ["LIMIT", 1]]
  ↳ bin/rails:9
  [1m[35m (0.1ms)[0m  [1m[35mBEGIN[0m
  ↳ bin/rails:9
  [1m[35m (0.1ms)[0m  [1m[35mCOMMIT[0m
  ↳ bin/rails:9
  [1m[35m (0.1ms)[0m  [1m[34mSELECT pg_advisory_unlock(3558360442719290250)[0m
  ↳ bin/rails:9
  [1m[35m (0.3ms)[0m  [1m[34mSELECT "schema_migrations"."version" FROM "schema_migrations" ORDER BY "schema_migrations"."version" ASC[0m
  ↳ bin/rails:9
Started GET "/" for ::1 at 2021-05-10 16:15:40 -0400
  [1m[35m (13.1ms)[0m  [1m[34mSELECT "schema_migrations"."version" FROM "schema_migrations" ORDER BY "schema_migrations"."version" ASC[0m
  ↳ /home/sam_qi/.rbenv/versions/2.5.1/lib/ruby/gems/2.5.0/gems/activerecord-5.2.5/lib/active_record/log_subscriber.rb:98

SyntaxError - syntax error, unexpected tFID, expecting ';' or '\n'
    def def login!(user)
            ^~~~~~
/mnt/c/Users/Sam/Desktop/Project/App_Academy_PJ/FullStack/pixelperfect/app/controllers/application_controller.rb:30: syntax error, unexpected keyword_end, expecting end-of-input:
  app/controllers/application_controller.rb:5:in `'
  app/controllers/static_pages_controller.rb:1:in `<top (required)>'

Started POST "/__better_errors/09bfe829ad568eb5/variables" for ::1 at 2021-05-10 16:15:40 -0400
Started GET "/" for ::1 at 2021-05-10 16:20:08 -0400
Processing by StaticPagesController#root as HTML
  Rendering static_pages/root.html.erb within layouts/application
  Rendered static_pages/root.html.erb within layouts/application (0.3ms)
Completed 200 OK in 41ms (Views: 38.6ms | ActiveRecord: 0.0ms)


Started GET "/" for ::1 at 2021-05-10 17:13:05 -0400
Processing by StaticPagesController#root as HTML
  Rendering static_pages/root.html.erb within layouts/application
  Rendered static_pages/root.html.erb within layouts/application (0.3ms)
Completed 200 OK in 300ms (Views: 297.7ms | ActiveRecord: 0.0ms)


Started GET "/" for ::1 at 2021-05-10 18:02:42 -0400
  [1m[35m (1.0ms)[0m  [1m[34mSELECT "schema_migrations"."version" FROM "schema_migrations" ORDER BY "schema_migrations"."version" ASC[0m
  ↳ /home/sam_qi/.rbenv/versions/2.5.1/lib/ruby/gems/2.5.0/gems/activerecord-5.2.5/lib/active_record/log_subscriber.rb:98
Processing by StaticPagesController#root as HTML
  Rendering static_pages/root.html.erb within layouts/application
  Rendered static_pages/root.html.erb within layouts/application (1.4ms)
Completed 200 OK in 3302ms (Views: 3296.9ms | ActiveRecord: 0.0ms)


Started GET "/" for ::1 at 2021-05-11 08:45:28 -0400
Started GET "/session/new" for ::1 at 2021-05-11 08:45:28 -0400

PG::ConnectionBad - could not connect to server: No such file or directory
	Is the server running locally and accepting
	connections on Unix domain socket "/var/run/postgresql/.s.PGSQL.5432"?:


PG::ConnectionBad - could not connect to server: No such file or directory
	Is the server running locally and accepting
	connections on Unix domain socket "/var/run/postgresql/.s.PGSQL.5432"?:

Started POST "/__better_errors/5390cccfc635d349/variables" for ::1 at 2021-05-11 08:45:28 -0400
Started GET "/" for ::1 at 2021-05-11 08:45:31 -0400

PG::ConnectionBad - could not connect to server: No such file or directory
	Is the server running locally and accepting
	connections on Unix domain socket "/var/run/postgresql/.s.PGSQL.5432"?:

Started POST "/__better_errors/54aa448fd98be6f3/variables" for ::1 at 2021-05-11 08:45:31 -0400
Started GET "/" for ::1 at 2021-05-11 08:47:38 -0400
  [1m[35m (1.0ms)[0m  [1m[34mSELECT "schema_migrations"."version" FROM "schema_migrations" ORDER BY "schema_migrations"."version" ASC[0m
  ↳ /home/sam_qi/.rbenv/versions/2.5.1/lib/ruby/gems/2.5.0/gems/activerecord-5.2.5/lib/active_record/log_subscriber.rb:98
Processing by StaticPagesController#root as HTML
  Rendering static_pages/root.html.erb within layouts/application
  Rendered static_pages/root.html.erb within layouts/application (7.7ms)
Completed 200 OK in 3413ms (Views: 3400.4ms | ActiveRecord: 0.0ms)


Started GET "/" for ::1 at 2021-05-11 08:48:33 -0400
Processing by StaticPagesController#root as HTML
  Rendering static_pages/root.html.erb within layouts/application
  Rendered static_pages/root.html.erb within layouts/application (0.3ms)
Completed 200 OK in 418ms (Views: 413.4ms | ActiveRecord: 0.0ms)


Started GET "/" for ::1 at 2021-05-11 08:49:23 -0400
Processing by StaticPagesController#root as HTML
  Rendering static_pages/root.html.erb within layouts/application
  Rendered static_pages/root.html.erb within layouts/application (0.3ms)
Completed 200 OK in 376ms (Views: 370.8ms | ActiveRecord: 0.0ms)


Started GET "/" for ::1 at 2021-05-11 09:12:16 -0400
Processing by StaticPagesController#root as HTML
  Rendering static_pages/root.html.erb within layouts/application
  Rendered static_pages/root.html.erb within layouts/application (0.4ms)
Completed 200 OK in 144ms (Views: 130.5ms | ActiveRecord: 0.0ms)


Started POST "/api/users" for ::1 at 2021-05-11 09:12:35 -0400

LoadError - Unable to autoload constant Api::UsersController, expected /mnt/c/Users/Sam/Desktop/Project/App_Academy_PJ/FullStack/pixelperfect/app/controllers/api/users_controller.rb to define it:

Started GET "/" for ::1 at 2021-05-11 09:14:03 -0400
Processing by StaticPagesController#root as HTML
  Rendering static_pages/root.html.erb within layouts/application
  Rendered static_pages/root.html.erb within layouts/application (0.5ms)
Completed 200 OK in 65ms (Views: 59.3ms | ActiveRecord: 0.0ms)


Started POST "/api/users" for ::1 at 2021-05-11 09:14:09 -0400
Processing by Api::UsersController#create as JSON
  Parameters: {"user"=>{"username"=>"sam", "email"=>"asdasdasdasda", "firstname"=>"", "lastname"=>"", "password"=>"[FILTERED]", "aboutMe"=>""}}
Can't verify CSRF token authenticity.
Completed 422 Unprocessable Entity in 1ms (ActiveRecord: 0.0ms)



ActionController::InvalidAuthenticityToken - ActionController::InvalidAuthenticityToken:

Started GET "/" for ::1 at 2021-05-11 09:15:13 -0400
Processing by StaticPagesController#root as HTML
  Rendering static_pages/root.html.erb within layouts/application
  Rendered static_pages/root.html.erb within layouts/application (0.4ms)
Completed 200 OK in 56ms (Views: 50.1ms | ActiveRecord: 0.0ms)


Started POST "/api/users" for ::1 at 2021-05-11 09:15:21 -0400
Processing by Api::UsersController#create as JSON
  Parameters: {"user"=>{"username"=>"sasdas", "email"=>"12312312sd3asda", "firstname"=>"", "lastname"=>"", "password"=>"[FILTERED]", "aboutMe"=>""}}
Can't verify CSRF token authenticity.
Completed 500 Internal Server Error in 1411105ms (ActiveRecord: 0.0ms)



SystemExit - exit:
  (byebug):1:in `create'
  app/controllers/api/users_controller.rb:5:in `create'

Started GET "/" for ::1 at 2021-05-11 09:44:27 -0400
  [1m[35m (13.5ms)[0m  [1m[34mSELECT "schema_migrations"."version" FROM "schema_migrations" ORDER BY "schema_migrations"."version" ASC[0m
  ↳ /home/sam_qi/.rbenv/versions/2.5.1/lib/ruby/gems/2.5.0/gems/activerecord-5.2.5/lib/active_record/log_subscriber.rb:98
Processing by StaticPagesController#root as HTML
  Rendering static_pages/root.html.erb within layouts/application
  Rendered static_pages/root.html.erb within layouts/application (7.9ms)
Completed 200 OK in 3740ms (Views: 3732.7ms | ActiveRecord: 0.0ms)


Started GET "/" for ::1 at 2021-05-11 09:46:41 -0400
Processing by StaticPagesController#root as HTML
  Rendering static_pages/root.html.erb within layouts/application
  Rendered static_pages/root.html.erb within layouts/application (0.4ms)
Completed 200 OK in 404ms (Views: 399.4ms | ActiveRecord: 0.0ms)


Started POST "/api/users" for ::1 at 2021-05-11 09:46:51 -0400
Processing by Api::UsersController#create as JSON
  Parameters: {"user"=>{"username"=>"sadasd", "email"=>"asdasdasd", "firstname"=>"asdasdasd", "lastname"=>"123123", "password"=>"[FILTERED]", "aboutMe"=>"asdasdasdadasdasdasd"}}
Can't verify CSRF token authenticity.
Started GET "/" for ::1 at 2021-05-11 09:47:23 -0400
Processing by StaticPagesController#root as HTML
  Rendering static_pages/root.html.erb within layouts/application
  Rendered static_pages/root.html.erb within layouts/application (0.6ms)
  [1m[35m (0.3ms)[0m  [1m[35mBEGIN[0m
  ↳ app/controllers/api/users_controller.rb:6
  [1m[36mUser Exists (21.1ms)[0m  [1m[34mSELECT  1 AS one FROM "users" WHERE "users"."username" = $1 LIMIT $2[0m  [["username", "sadasd"], ["LIMIT", 1]]
  ↳ app/controllers/api/users_controller.rb:6
  [1m[36mUser Exists (0.6ms)[0m  [1m[34mSELECT  1 AS one FROM "users" WHERE "users"."email" = $1 LIMIT $2[0m  [["email", "asdasdasd"], ["LIMIT", 1]]
Completed 200 OK in 293ms (Views: 287.9ms | ActiveRecord: 0.0ms)


  ↳ app/controllers/api/users_controller.rb:6
  [1m[36mUser Create (27.0ms)[0m  [1m[32mINSERT INTO "users" ("email", "username", "firstname", "lastname", "password_digest", "session_token", "aboutMe", "created_at", "updated_at") VALUES ($1, $2, $3, $4, $5, $6, $7, $8, $9) RETURNING "id"[0m  [["email", "asdasdasd"], ["username", "sadasd"], ["firstname", "asdasdasd"], ["lastname", "123123"], ["password_digest", "$2a$12$a8FuftDWx9LPKR9DRmkz8.KxgAiJlcVthnhthThcmYkJcvMtIrIGS"], ["session_token", "61iFUOibRL9Rokd14E8gWQ"], ["aboutMe", "asdasdasdadasdasdasd"], ["created_at", "2021-05-11 13:47:23.453049"], ["updated_at", "2021-05-11 13:47:23.453049"]]
  ↳ app/controllers/api/users_controller.rb:6
  [1m[35m (12.2ms)[0m  [1m[35mCOMMIT[0m
  ↳ app/controllers/api/users_controller.rb:6
Completed 500 Internal Server Error in 31652ms (ActiveRecord: 102.4ms)



ActionView::MissingTemplate - Missing template api/users/show, application/show with {:locale=>[:en], :formats=>[:json], :variants=>[], :handlers=>[:raw, :erb, :html, :builder, :ruby, :coffee, :jbuilder]}. Searched in:
  * "/mnt/c/Users/Sam/Desktop/Project/App_Academy_PJ/FullStack/pixelperfect/app/views":
  app/controllers/api/users_controller.rb:8:in `create'

Started POST "/api/users" for ::1 at 2021-05-11 09:54:31 -0400
Processing by Api::UsersController#create as JSON
  Parameters: {"user"=>{"username"=>"asd", "email"=>"asdas", "firstname"=>"asdasd", "lastname"=>"asdsa", "password"=>"[FILTERED]", "aboutMe"=>"asdasdasda"}}
Can't verify CSRF token authenticity.
  [1m[35m (0.2ms)[0m  [1m[35mBEGIN[0m
  ↳ app/controllers/api/users_controller.rb:6
  [1m[36mUser Exists (23.2ms)[0m  [1m[34mSELECT  1 AS one FROM "users" WHERE "users"."username" = $1 LIMIT $2[0m  [["username", "asd"], ["LIMIT", 1]]
  ↳ app/controllers/api/users_controller.rb:6
  [1m[36mUser Exists (0.3ms)[0m  [1m[34mSELECT  1 AS one FROM "users" WHERE "users"."email" = $1 LIMIT $2[0m  [["email", "asdas"], ["LIMIT", 1]]
  ↳ app/controllers/api/users_controller.rb:6
  [1m[36mUser Create (0.5ms)[0m  [1m[32mINSERT INTO "users" ("email", "username", "firstname", "lastname", "password_digest", "session_token", "aboutMe", "created_at", "updated_at") VALUES ($1, $2, $3, $4, $5, $6, $7, $8, $9) RETURNING "id"[0m  [["email", "asdas"], ["username", "asd"], ["firstname", "asdasd"], ["lastname", "asdsa"], ["password_digest", "$2a$12$sQDCimucm0qmFsZc7lvUouJWtVBL94nx5dPoeuNk3N9T7hIglZHUW"], ["session_token", "KIzKfrGGKLORoBjDtHjGPQ"], ["aboutMe", "asdasdasda"], ["created_at", "2021-05-11 13:54:32.168114"], ["updated_at", "2021-05-11 13:54:32.168114"]]
  ↳ app/controllers/api/users_controller.rb:6
  [1m[35m (7.7ms)[0m  [1m[35mCOMMIT[0m
  ↳ app/controllers/api/users_controller.rb:6
Completed 500 Internal Server Error in 280ms (ActiveRecord: 38.7ms)



ActionView::MissingTemplate - Missing template api/users/show, application/show with {:locale=>[:en], :formats=>[:json], :variants=>[], :handlers=>[:raw, :erb, :html, :builder, :ruby, :coffee, :jbuilder]}. Searched in:
  * "/mnt/c/Users/Sam/Desktop/Project/App_Academy_PJ/FullStack/pixelperfect/app/views":
  app/controllers/api/users_controller.rb:8:in `create'

Started POST "/api/users" for ::1 at 2021-05-11 09:59:24 -0400
Processing by Api::UsersController#create as JSON
  Parameters: {"user"=>{"username"=>"asd", "email"=>"asdas", "firstname"=>"asdasd", "lastname"=>"asdsa", "password"=>"[FILTERED]", "aboutMe"=>"asdasdasda"}}
Can't verify CSRF token authenticity.
  [1m[35m (0.3ms)[0m  [1m[35mBEGIN[0m
  ↳ app/controllers/api/users_controller.rb:6
  [1m[36mUser Exists (0.4ms)[0m  [1m[34mSELECT  1 AS one FROM "users" WHERE "users"."username" = $1 LIMIT $2[0m  [["username", "asd"], ["LIMIT", 1]]
  ↳ app/controllers/api/users_controller.rb:6
  [1m[36mUser Exists (0.5ms)[0m  [1m[34mSELECT  1 AS one FROM "users" WHERE "users"."email" = $1 LIMIT $2[0m  [["email", "asdas"], ["LIMIT", 1]]
  ↳ app/controllers/api/users_controller.rb:6
  [1m[35m (0.2ms)[0m  [1m[31mROLLBACK[0m
  ↳ app/controllers/api/users_controller.rb:6
No template found for Api::UsersController#create, rendering head :no_content
Completed 204 No Content in 527ms (ActiveRecord: 1.5ms)


Started GET "/" for ::1 at 2021-05-11 10:05:19 -0400
Processing by StaticPagesController#root as HTML
  Rendering static_pages/root.html.erb within layouts/application
  Rendered static_pages/root.html.erb within layouts/application (0.4ms)
Completed 200 OK in 403ms (Views: 397.5ms | ActiveRecord: 0.0ms)


Started POST "/api/users" for ::1 at 2021-05-11 10:05:31 -0400
Processing by Api::UsersController#create as JSON
  Parameters: {"user"=>{"username"=>"asdasdasd", "email"=>"asdasdasd", "firstname"=>"asdasdas", "lastname"=>"asdasdasdasd", "password"=>"[FILTERED]", "aboutMe"=>"asdasdasd"}}
Can't verify CSRF token authenticity.
  [1m[35m (0.2ms)[0m  [1m[35mBEGIN[0m
  ↳ app/controllers/api/users_controller.rb:6
  [1m[36mUser Exists (25.0ms)[0m  [1m[34mSELECT  1 AS one FROM "users" WHERE "users"."username" = $1 LIMIT $2[0m  [["username", "asdasdasd"], ["LIMIT", 1]]
  ↳ app/controllers/api/users_controller.rb:6
  [1m[36mUser Exists (0.6ms)[0m  [1m[34mSELECT  1 AS one FROM "users" WHERE "users"."email" = $1 LIMIT $2[0m  [["email", "asdasdasd"], ["LIMIT", 1]]
  ↳ app/controllers/api/users_controller.rb:6
  [1m[35m (0.3ms)[0m  [1m[31mROLLBACK[0m
  ↳ app/controllers/api/users_controller.rb:6
No template found for Api::UsersController#create, rendering head :no_content
Completed 204 No Content in 444ms (ActiveRecord: 32.8ms)


Started GET "/" for ::1 at 2021-05-11 10:28:01 -0400
Processing by StaticPagesController#root as HTML
  Rendering static_pages/root.html.erb within layouts/application
  Rendered static_pages/root.html.erb within layouts/application (0.3ms)
Completed 200 OK in 370ms (Views: 364.5ms | ActiveRecord: 0.0ms)


Started POST "/api/users" for ::1 at 2021-05-11 10:29:32 -0400
Processing by Api::UsersController#create as JSON
  Parameters: {"user"=>{"username"=>"asdasdasd", "email"=>"123123asdasd", "firstname"=>"axdasdasdas", "lastname"=>"12312312", "password"=>"[FILTERED]", "aboutMe"=>"asdasd"}}
Can't verify CSRF token authenticity.
  [1m[35m (0.4ms)[0m  [1m[35mBEGIN[0m
  ↳ app/controllers/api/users_controller.rb:6
  [1m[36mUser Exists (1.1ms)[0m  [1m[34mSELECT  1 AS one FROM "users" WHERE "users"."username" = $1 LIMIT $2[0m  [["username", "asdasdasd"], ["LIMIT", 1]]
  ↳ app/controllers/api/users_controller.rb:6
  [1m[36mUser Exists (0.4ms)[0m  [1m[34mSELECT  1 AS one FROM "users" WHERE "users"."email" = $1 LIMIT $2[0m  [["email", "123123asdasd"], ["LIMIT", 1]]
  ↳ app/controllers/api/users_controller.rb:6
  [1m[35m (0.3ms)[0m  [1m[31mROLLBACK[0m
  ↳ app/controllers/api/users_controller.rb:6
No template found for Api::UsersController#create, rendering head :no_content
Completed 204 No Content in 417ms (ActiveRecord: 8.5ms)


Started GET "/" for ::1 at 2021-05-11 10:45:22 -0400
Processing by StaticPagesController#root as HTML
  Rendering static_pages/root.html.erb within layouts/application
  Rendered static_pages/root.html.erb within layouts/application (0.3ms)
Completed 200 OK in 364ms (Views: 358.8ms | ActiveRecord: 0.0ms)


Started GET "/" for ::1 at 2021-05-11 10:45:45 -0400
Processing by StaticPagesController#root as HTML
  Rendering static_pages/root.html.erb within layouts/application
  Rendered static_pages/root.html.erb within layouts/application (0.3ms)
Completed 200 OK in 386ms (Views: 381.5ms | ActiveRecord: 0.0ms)


Started GET "/" for ::1 at 2021-05-11 10:46:27 -0400
Processing by StaticPagesController#root as HTML
  Rendering static_pages/root.html.erb within layouts/application
  Rendered static_pages/root.html.erb within layouts/application (0.3ms)
Completed 200 OK in 365ms (Views: 359.6ms | ActiveRecord: 0.0ms)


Started POST "/api/session" for ::1 at 2021-05-11 10:46:41 -0400
Processing by Api::SessionsController#create as JSON
  Parameters: {"user"=>{"email"=>"sam", "password"=>"[FILTERED]"}}
Can't verify CSRF token authenticity.
  [1m[36mUser Load (0.8ms)[0m  [1m[34mSELECT  "users".* FROM "users" WHERE "users"."email" = $1 LIMIT $2[0m  [["email", "sam"], ["LIMIT", 1]]
  ↳ app/models/user.rb:16
Completed 401 Unauthorized in 18ms (Views: 0.2ms | ActiveRecord: 4.6ms)


Started POST "/api/session" for ::1 at 2021-05-11 10:46:49 -0400
Processing by Api::SessionsController#create as JSON
  Parameters: {"user"=>{"email"=>"sam", "password"=>"[FILTERED]"}}
Can't verify CSRF token authenticity.
  [1m[36mUser Load (0.2ms)[0m  [1m[34mSELECT  "users".* FROM "users" WHERE "users"."email" = $1 LIMIT $2[0m  [["email", "sam"], ["LIMIT", 1]]
  ↳ app/models/user.rb:16
Completed 401 Unauthorized in 12ms (Views: 0.2ms | ActiveRecord: 1.7ms)


Started POST "/api/session" for ::1 at 2021-05-11 10:46:49 -0400
Processing by Api::SessionsController#create as JSON
  Parameters: {"user"=>{"email"=>"sam", "password"=>"[FILTERED]"}}
Can't verify CSRF token authenticity.
  [1m[36mUser Load (0.3ms)[0m  [1m[34mSELECT  "users".* FROM "users" WHERE "users"."email" = $1 LIMIT $2[0m  [["email", "sam"], ["LIMIT", 1]]
  ↳ app/models/user.rb:16
Completed 401 Unauthorized in 3ms (Views: 0.1ms | ActiveRecord: 0.3ms)


Started POST "/api/session" for ::1 at 2021-05-11 10:46:49 -0400
Processing by Api::SessionsController#create as JSON
  Parameters: {"user"=>{"email"=>"sam", "password"=>"[FILTERED]"}}
Can't verify CSRF token authenticity.
  [1m[36mUser Load (0.3ms)[0m  [1m[34mSELECT  "users".* FROM "users" WHERE "users"."email" = $1 LIMIT $2[0m  [["email", "sam"], ["LIMIT", 1]]
  ↳ app/models/user.rb:16
Completed 401 Unauthorized in 2ms (Views: 0.1ms | ActiveRecord: 0.3ms)


Started POST "/api/session" for ::1 at 2021-05-11 10:46:49 -0400
Processing by Api::SessionsController#create as JSON
  Parameters: {"user"=>{"email"=>"sam", "password"=>"[FILTERED]"}}
Can't verify CSRF token authenticity.
  [1m[36mUser Load (0.3ms)[0m  [1m[34mSELECT  "users".* FROM "users" WHERE "users"."email" = $1 LIMIT $2[0m  [["email", "sam"], ["LIMIT", 1]]
  ↳ app/models/user.rb:16
Completed 401 Unauthorized in 3ms (Views: 0.5ms | ActiveRecord: 0.3ms)


Started POST "/api/session" for ::1 at 2021-05-11 10:46:50 -0400
Processing by Api::SessionsController#create as JSON
  Parameters: {"user"=>{"email"=>"sam", "password"=>"[FILTERED]"}}
Can't verify CSRF token authenticity.
  [1m[36mUser Load (0.4ms)[0m  [1m[34mSELECT  "users".* FROM "users" WHERE "users"."email" = $1 LIMIT $2[0m  [["email", "sam"], ["LIMIT", 1]]
  ↳ app/models/user.rb:16
Completed 401 Unauthorized in 2ms (Views: 0.1ms | ActiveRecord: 0.4ms)


Started POST "/api/session" for ::1 at 2021-05-11 10:46:50 -0400
Processing by Api::SessionsController#create as JSON
  Parameters: {"user"=>{"email"=>"sam", "password"=>"[FILTERED]"}}
Can't verify CSRF token authenticity.
  [1m[36mUser Load (0.2ms)[0m  [1m[34mSELECT  "users".* FROM "users" WHERE "users"."email" = $1 LIMIT $2[0m  [["email", "sam"], ["LIMIT", 1]]
  ↳ app/models/user.rb:16
Completed 401 Unauthorized in 2ms (Views: 0.1ms | ActiveRecord: 0.2ms)


Started POST "/api/session" for ::1 at 2021-05-11 10:46:50 -0400
Processing by Api::SessionsController#create as JSON
  Parameters: {"user"=>{"email"=>"sam", "password"=>"[FILTERED]"}}
Can't verify CSRF token authenticity.
  [1m[36mUser Load (0.3ms)[0m  [1m[34mSELECT  "users".* FROM "users" WHERE "users"."email" = $1 LIMIT $2[0m  [["email", "sam"], ["LIMIT", 1]]
  ↳ app/models/user.rb:16
Completed 401 Unauthorized in 3ms (Views: 0.1ms | ActiveRecord: 0.3ms)


Started POST "/api/session" for ::1 at 2021-05-11 10:46:50 -0400
Processing by Api::SessionsController#create as JSON
  Parameters: {"user"=>{"email"=>"sam", "password"=>"[FILTERED]"}}
Can't verify CSRF token authenticity.
  [1m[36mUser Load (0.2ms)[0m  [1m[34mSELECT  "users".* FROM "users" WHERE "users"."email" = $1 LIMIT $2[0m  [["email", "sam"], ["LIMIT", 1]]
  ↳ app/models/user.rb:16
Completed 401 Unauthorized in 2ms (Views: 0.1ms | ActiveRecord: 0.2ms)


Started POST "/api/session" for ::1 at 2021-05-11 10:46:50 -0400
Processing by Api::SessionsController#create as JSON
  Parameters: {"user"=>{"email"=>"sam", "password"=>"[FILTERED]"}}
Can't verify CSRF token authenticity.
  [1m[36mUser Load (0.2ms)[0m  [1m[34mSELECT  "users".* FROM "users" WHERE "users"."email" = $1 LIMIT $2[0m  [["email", "sam"], ["LIMIT", 1]]
  ↳ app/models/user.rb:16
Completed 401 Unauthorized in 2ms (Views: 0.1ms | ActiveRecord: 0.2ms)


Started POST "/api/session" for ::1 at 2021-05-11 10:46:50 -0400
Processing by Api::SessionsController#create as JSON
  Parameters: {"user"=>{"email"=>"sam", "password"=>"[FILTERED]"}}
Can't verify CSRF token authenticity.
  [1m[36mUser Load (0.2ms)[0m  [1m[34mSELECT  "users".* FROM "users" WHERE "users"."email" = $1 LIMIT $2[0m  [["email", "sam"], ["LIMIT", 1]]
  ↳ app/models/user.rb:16
Completed 401 Unauthorized in 2ms (Views: 0.1ms | ActiveRecord: 0.2ms)


Started POST "/api/session" for ::1 at 2021-05-11 10:46:50 -0400
Processing by Api::SessionsController#create as JSON
  Parameters: {"user"=>{"email"=>"sam", "password"=>"[FILTERED]"}}
Can't verify CSRF token authenticity.
  [1m[36mUser Load (0.2ms)[0m  [1m[34mSELECT  "users".* FROM "users" WHERE "users"."email" = $1 LIMIT $2[0m  [["email", "sam"], ["LIMIT", 1]]
  ↳ app/models/user.rb:16
Completed 401 Unauthorized in 2ms (Views: 0.2ms | ActiveRecord: 0.2ms)


Started POST "/api/session" for ::1 at 2021-05-11 10:48:00 -0400
Processing by Api::SessionsController#create as JSON
  Parameters: {"user"=>{"email"=>"sam", "password"=>"[FILTERED]"}}
Can't verify CSRF token authenticity.
  [1m[36mUser Load (0.2ms)[0m  [1m[34mSELECT  "users".* FROM "users" WHERE "users"."email" = $1 LIMIT $2[0m  [["email", "sam"], ["LIMIT", 1]]
  ↳ app/models/user.rb:16
Completed 401 Unauthorized in 2ms (Views: 0.1ms | ActiveRecord: 0.2ms)


Started POST "/api/session" for ::1 at 2021-05-11 10:48:00 -0400
Processing by Api::SessionsController#create as JSON
  Parameters: {"user"=>{"email"=>"sam", "password"=>"[FILTERED]"}}
Can't verify CSRF token authenticity.
  [1m[36mUser Load (0.2ms)[0m  [1m[34mSELECT  "users".* FROM "users" WHERE "users"."email" = $1 LIMIT $2[0m  [["email", "sam"], ["LIMIT", 1]]
  ↳ app/models/user.rb:16
Completed 401 Unauthorized in 2ms (Views: 0.1ms | ActiveRecord: 0.2ms)


Started POST "/api/session" for ::1 at 2021-05-11 10:48:00 -0400
Processing by Api::SessionsController#create as JSON
  Parameters: {"user"=>{"email"=>"sam", "password"=>"[FILTERED]"}}
Can't verify CSRF token authenticity.
  [1m[36mUser Load (0.6ms)[0m  [1m[34mSELECT  "users".* FROM "users" WHERE "users"."email" = $1 LIMIT $2[0m  [["email", "sam"], ["LIMIT", 1]]
  ↳ app/models/user.rb:16
Completed 401 Unauthorized in 2ms (Views: 0.1ms | ActiveRecord: 0.6ms)


Started POST "/api/session" for ::1 at 2021-05-11 10:48:00 -0400
Processing by Api::SessionsController#create as JSON
  Parameters: {"user"=>{"email"=>"sam", "password"=>"[FILTERED]"}}
Can't verify CSRF token authenticity.
  [1m[36mUser Load (0.3ms)[0m  [1m[34mSELECT  "users".* FROM "users" WHERE "users"."email" = $1 LIMIT $2[0m  [["email", "sam"], ["LIMIT", 1]]
  ↳ app/models/user.rb:16
Completed 401 Unauthorized in 2ms (Views: 0.2ms | ActiveRecord: 0.3ms)


Started POST "/api/session" for ::1 at 2021-05-11 10:48:00 -0400
Processing by Api::SessionsController#create as JSON
  Parameters: {"user"=>{"email"=>"sam", "password"=>"[FILTERED]"}}
Can't verify CSRF token authenticity.
  [1m[36mUser Load (0.2ms)[0m  [1m[34mSELECT  "users".* FROM "users" WHERE "users"."email" = $1 LIMIT $2[0m  [["email", "sam"], ["LIMIT", 1]]
  ↳ app/models/user.rb:16
Completed 401 Unauthorized in 2ms (Views: 0.2ms | ActiveRecord: 0.2ms)


Started POST "/api/session" for ::1 at 2021-05-11 10:48:00 -0400
Processing by Api::SessionsController#create as JSON
  Parameters: {"user"=>{"email"=>"sam", "password"=>"[FILTERED]"}}
Can't verify CSRF token authenticity.
  [1m[36mUser Load (0.2ms)[0m  [1m[34mSELECT  "users".* FROM "users" WHERE "users"."email" = $1 LIMIT $2[0m  [["email", "sam"], ["LIMIT", 1]]
  ↳ app/models/user.rb:16
Completed 401 Unauthorized in 2ms (Views: 0.2ms | ActiveRecord: 0.2ms)


Started POST "/api/session" for ::1 at 2021-05-11 10:48:01 -0400
Processing by Api::SessionsController#create as JSON
  Parameters: {"user"=>{"email"=>"sam", "password"=>"[FILTERED]"}}
Can't verify CSRF token authenticity.
  [1m[36mUser Load (0.2ms)[0m  [1m[34mSELECT  "users".* FROM "users" WHERE "users"."email" = $1 LIMIT $2[0m  [["email", "sam"], ["LIMIT", 1]]
  ↳ app/models/user.rb:16
Completed 401 Unauthorized in 2ms (Views: 0.1ms | ActiveRecord: 0.2ms)


Started POST "/api/session" for ::1 at 2021-05-11 10:48:01 -0400
Processing by Api::SessionsController#create as JSON
  Parameters: {"user"=>{"email"=>"sam", "password"=>"[FILTERED]"}}
Can't verify CSRF token authenticity.
  [1m[36mUser Load (0.3ms)[0m  [1m[34mSELECT  "users".* FROM "users" WHERE "users"."email" = $1 LIMIT $2[0m  [["email", "sam"], ["LIMIT", 1]]
  ↳ app/models/user.rb:16
Completed 401 Unauthorized in 2ms (Views: 0.2ms | ActiveRecord: 0.3ms)


Started POST "/api/session" for ::1 at 2021-05-11 10:48:01 -0400
Processing by Api::SessionsController#create as JSON
  Parameters: {"user"=>{"email"=>"sam", "password"=>"[FILTERED]"}}
Can't verify CSRF token authenticity.
  [1m[36mUser Load (0.2ms)[0m  [1m[34mSELECT  "users".* FROM "users" WHERE "users"."email" = $1 LIMIT $2[0m  [["email", "sam"], ["LIMIT", 1]]
  ↳ app/models/user.rb:16
Completed 401 Unauthorized in 2ms (Views: 0.2ms | ActiveRecord: 0.2ms)


Started POST "/api/session" for ::1 at 2021-05-11 10:48:01 -0400
Processing by Api::SessionsController#create as JSON
  Parameters: {"user"=>{"email"=>"sam", "password"=>"[FILTERED]"}}
Can't verify CSRF token authenticity.
  [1m[36mUser Load (0.2ms)[0m  [1m[34mSELECT  "users".* FROM "users" WHERE "users"."email" = $1 LIMIT $2[0m  [["email", "sam"], ["LIMIT", 1]]
  ↳ app/models/user.rb:16
Completed 401 Unauthorized in 2ms (Views: 0.1ms | ActiveRecord: 0.2ms)


Started POST "/api/users" for ::1 at 2021-05-11 10:49:38 -0400
Processing by Api::UsersController#create as JSON
  Parameters: {"user"=>{"username"=>"asdasd", "email"=>"asdasdasd1", "firstname"=>"asdasdasd", "lastname"=>"1232asdasd", "password"=>"[FILTERED]", "aboutMe"=>"sadasdasdas"}}
Can't verify CSRF token authenticity.
  [1m[35m (0.2ms)[0m  [1m[35mBEGIN[0m
  ↳ app/controllers/api/users_controller.rb:6
  [1m[36mUser Exists (0.3ms)[0m  [1m[34mSELECT  1 AS one FROM "users" WHERE "users"."username" = $1 LIMIT $2[0m  [["username", "asdasd"], ["LIMIT", 1]]
  ↳ app/controllers/api/users_controller.rb:6
  [1m[36mUser Exists (0.3ms)[0m  [1m[34mSELECT  1 AS one FROM "users" WHERE "users"."email" = $1 LIMIT $2[0m  [["email", "asdasdasd1"], ["LIMIT", 1]]
  ↳ app/controllers/api/users_controller.rb:6
  [1m[36mUser Create (0.5ms)[0m  [1m[32mINSERT INTO "users" ("email", "username", "firstname", "lastname", "password_digest", "session_token", "aboutMe", "created_at", "updated_at") VALUES ($1, $2, $3, $4, $5, $6, $7, $8, $9) RETURNING "id"[0m  [["email", "asdasdasd1"], ["username", "asdasd"], ["firstname", "asdasdasd"], ["lastname", "1232asdasd"], ["password_digest", "$2a$12$TFK0Dm/gj/SGR0aSbzdFBeFeIsSWmpX0YbKufU.w1rsdkJ5.aeeg6"], ["session_token", "j1wvECs5Z86GoanaNO5B0g"], ["aboutMe", "sadasdasdas"], ["created_at", "2021-05-11 14:49:38.538141"], ["updated_at", "2021-05-11 14:49:38.538141"]]
  ↳ app/controllers/api/users_controller.rb:6
  [1m[35m (6.0ms)[0m  [1m[35mCOMMIT[0m
  ↳ app/controllers/api/users_controller.rb:6
Completed 500 Internal Server Error in 242ms (ActiveRecord: 11.7ms)



ActionView::MissingTemplate - Missing template api/users/show, application/show with {:locale=>[:en], :formats=>[:json], :variants=>[], :handlers=>[:raw, :erb, :html, :builder, :ruby, :coffee, :jbuilder]}. Searched in:
  * "/mnt/c/Users/Sam/Desktop/Project/App_Academy_PJ/FullStack/pixelperfect/app/views":
  app/controllers/api/users_controller.rb:8:in `create'

Started POST "/api/users" for ::1 at 2021-05-11 10:49:51 -0400
Processing by Api::UsersController#create as JSON
  Parameters: {"user"=>{"username"=>"asdasdasdasd", "email"=>"asdasdasd1asdad", "firstname"=>"asdasdasdasd", "lastname"=>"1232asdasdasdas", "password"=>"[FILTERED]", "aboutMe"=>"sadasdasdasasdasd"}}
Can't verify CSRF token authenticity.
  [1m[35m (0.2ms)[0m  [1m[35mBEGIN[0m
  ↳ app/controllers/api/users_controller.rb:6
  [1m[36mUser Exists (0.3ms)[0m  [1m[34mSELECT  1 AS one FROM "users" WHERE "users"."username" = $1 LIMIT $2[0m  [["username", "asdasdasdasd"], ["LIMIT", 1]]
  ↳ app/controllers/api/users_controller.rb:6
  [1m[36mUser Exists (0.3ms)[0m  [1m[34mSELECT  1 AS one FROM "users" WHERE "users"."email" = $1 LIMIT $2[0m  [["email", "asdasdasd1asdad"], ["LIMIT", 1]]
  ↳ app/controllers/api/users_controller.rb:6
  [1m[36mUser Create (0.2ms)[0m  [1m[32mINSERT INTO "users" ("email", "username", "firstname", "lastname", "password_digest", "session_token", "aboutMe", "created_at", "updated_at") VALUES ($1, $2, $3, $4, $5, $6, $7, $8, $9) RETURNING "id"[0m  [["email", "asdasdasd1asdad"], ["username", "asdasdasdasd"], ["firstname", "asdasdasdasd"], ["lastname", "1232asdasdasdas"], ["password_digest", "$2a$12$GJVXf/fF.Pau.L9Mtz0g8..Xje4OYi8Z9n5yb.k3ykdamM/uPNCkm"], ["session_token", "kwha8wSz7VMJfbmmScFaYQ"], ["aboutMe", "sadasdasdasasdasd"], ["created_at", "2021-05-11 14:49:51.304736"], ["updated_at", "2021-05-11 14:49:51.304736"]]
  ↳ app/controllers/api/users_controller.rb:6
  [1m[35m (0.4ms)[0m  [1m[35mCOMMIT[0m
  ↳ app/controllers/api/users_controller.rb:6
Completed 500 Internal Server Error in 221ms (ActiveRecord: 1.4ms)



ActionView::MissingTemplate - Missing template api/users/show, application/show with {:locale=>[:en], :formats=>[:json], :variants=>[], :handlers=>[:raw, :erb, :html, :builder, :ruby, :coffee, :jbuilder]}. Searched in:
  * "/mnt/c/Users/Sam/Desktop/Project/App_Academy_PJ/FullStack/pixelperfect/app/views":
  app/controllers/api/users_controller.rb:8:in `create'

Started POST "/api/users" for ::1 at 2021-05-11 10:49:51 -0400
Processing by Api::UsersController#create as JSON
  Parameters: {"user"=>{"username"=>"asdasdasdasd", "email"=>"asdasdasd1asdad", "firstname"=>"asdasdasdasd", "lastname"=>"1232asdasdasdas", "password"=>"[FILTERED]", "aboutMe"=>"sadasdasdasasdasd"}}
Can't verify CSRF token authenticity.
Started POST "/api/users" for ::1 at 2021-05-11 10:49:51 -0400
  [1m[35m (1.3ms)[0m  [1m[35mBEGIN[0m
  ↳ app/controllers/api/users_controller.rb:6
  [1m[36mUser Exists (0.3ms)[0m  [1m[34mSELECT  1 AS one FROM "users" WHERE "users"."username" = $1 LIMIT $2[0m  [["username", "asdasdasdasd"], ["LIMIT", 1]]
  ↳ app/controllers/api/users_controller.rb:6
  [1m[36mUser Exists (0.6ms)[0m  [1m[34mSELECT  1 AS one FROM "users" WHERE "users"."email" = $1 LIMIT $2[0m  [["email", "asdasdasd1asdad"], ["LIMIT", 1]]
  ↳ app/controllers/api/users_controller.rb:6
  [1m[35m (0.3ms)[0m  [1m[31mROLLBACK[0m
  ↳ app/controllers/api/users_controller.rb:6
Processing by Api::UsersController#create as JSON
  Parameters: {"user"=>{"username"=>"asdasdasdasd", "email"=>"asdasdasd1asdad", "firstname"=>"asdasdasdasd", "lastname"=>"1232asdasdasdas", "password"=>"[FILTERED]", "aboutMe"=>"sadasdasdasasdasd"}}
Can't verify CSRF token authenticity.
Started POST "/api/users" for ::1 at 2021-05-11 10:49:51 -0400
  [1m[35m (1.5ms)[0m  [1m[35mBEGIN[0m
Started POST "/api/users" for ::1 at 2021-05-11 10:49:51 -0400
  ↳ app/controllers/api/users_controller.rb:6
  [1m[36mUser Exists (1.6ms)[0m  [1m[34mSELECT  1 AS one FROM "users" WHERE "users"."username" = $1 LIMIT $2[0m  [["username", "asdasdasdasd"], ["LIMIT", 1]]
  ↳ app/controllers/api/users_controller.rb:6
  [1m[36mUser Exists (1.1ms)[0m  [1m[34mSELECT  1 AS one FROM "users" WHERE "users"."email" = $1 LIMIT $2[0m  [["email", "asdasdasd1asdad"], ["LIMIT", 1]]
  ↳ app/controllers/api/users_controller.rb:6
  [1m[35m (0.2ms)[0m  [1m[31mROLLBACK[0m
  ↳ app/controllers/api/users_controller.rb:6
Processing by Api::UsersController#create as JSON
  Parameters: {"user"=>{"username"=>"asdasdasdasd", "email"=>"asdasdasd1asdad", "firstname"=>"asdasdasdasd", "lastname"=>"1232asdasdasdas", "password"=>"[FILTERED]", "aboutMe"=>"sadasdasdasasdasd"}}
Can't verify CSRF token authenticity.
Started POST "/api/users" for ::1 at 2021-05-11 10:49:52 -0400
  [1m[35m (1.9ms)[0m  [1m[35mBEGIN[0m
Processing by Api::UsersController#create as JSON
  ↳ app/controllers/api/users_controller.rb:6
  Parameters: {"user"=>{"username"=>"asdasdasdasd", "email"=>"asdasdasd1asdad", "firstname"=>"asdasdasdasd", "lastname"=>"1232asdasdasdas", "password"=>"[FILTERED]", "aboutMe"=>"sadasdasdasasdasd"}}
Can't verify CSRF token authenticity.
  [1m[36mUser Exists (1.9ms)[0m  [1m[34mSELECT  1 AS one FROM "users" WHERE "users"."username" = $1 LIMIT $2[0m  [["username", "asdasdasdasd"], ["LIMIT", 1]]
  ↳ app/controllers/api/users_controller.rb:6
  [1m[35m (0.6ms)[0m  [1m[35mBEGIN[0m
  [1m[36mUser Exists (1.0ms)[0m  [1m[34mSELECT  1 AS one FROM "users" WHERE "users"."email" = $1 LIMIT $2[0m  [["email", "asdasdasd1asdad"], ["LIMIT", 1]]
  ↳ app/controllers/api/users_controller.rb:6
  ↳ app/controllers/api/users_controller.rb:6
  [1m[36mUser Exists (1.6ms)[0m  [1m[34mSELECT  1 AS one FROM "users" WHERE "users"."username" = $1 LIMIT $2[0m  [["username", "asdasdasdasd"], ["LIMIT", 1]]
  [1m[35m (1.3ms)[0m  [1m[31mROLLBACK[0m
  ↳ app/controllers/api/users_controller.rb:6
  ↳ app/controllers/api/users_controller.rb:6
  [1m[36mUser Exists (7.4ms)[0m  [1m[34mSELECT  1 AS one FROM "users" WHERE "users"."email" = $1 LIMIT $2[0m  [["email", "asdasdasd1asdad"], ["LIMIT", 1]]
  ↳ app/controllers/api/users_controller.rb:6
  [1m[35m (0.4ms)[0m  [1m[31mROLLBACK[0m
Processing by Api::UsersController#create as JSON
  ↳ app/controllers/api/users_controller.rb:6
  Parameters: {"user"=>{"username"=>"asdasdasdasd", "email"=>"asdasdasd1asdad", "firstname"=>"asdasdasdasd", "lastname"=>"1232asdasdasdas", "password"=>"[FILTERED]", "aboutMe"=>"sadasdasdasasdasd"}}
Can't verify CSRF token authenticity.
  [1m[35m (0.2ms)[0m  [1m[35mBEGIN[0m
  ↳ app/controllers/api/users_controller.rb:6
  [1m[36mUser Exists (1.8ms)[0m  [1m[34mSELECT  1 AS one FROM "users" WHERE "users"."username" = $1 LIMIT $2[0m  [["username", "asdasdasdasd"], ["LIMIT", 1]]
  ↳ app/controllers/api/users_controller.rb:6
  [1m[36mUser Exists (1.4ms)[0m  [1m[34mSELECT  1 AS one FROM "users" WHERE "users"."email" = $1 LIMIT $2[0m  [["email", "asdasdasd1asdad"], ["LIMIT", 1]]
  ↳ app/controllers/api/users_controller.rb:6
  [1m[35m (0.2ms)[0m  [1m[31mROLLBACK[0m
  ↳ app/controllers/api/users_controller.rb:6
No template found for Api::UsersController#create, rendering head :no_content
Completed 204 No Content in 1650ms (ActiveRecord: 2.5ms)


Started POST "/api/users" for ::1 at 2021-05-11 10:49:53 -0400
Processing by Api::UsersController#create as JSON
  Parameters: {"user"=>{"username"=>"asdasdasdasd", "email"=>"asdasdasd1asdad", "firstname"=>"asdasdasdasd", "lastname"=>"1232asdasdasdas", "password"=>"[FILTERED]", "aboutMe"=>"sadasdasdasasdasd"}}
Can't verify CSRF token authenticity.
  [1m[35m (0.2ms)[0m  [1m[35mBEGIN[0m
  ↳ app/controllers/api/users_controller.rb:6
  [1m[36mUser Exists (0.9ms)[0m  [1m[34mSELECT  1 AS one FROM "users" WHERE "users"."username" = $1 LIMIT $2[0m  [["username", "asdasdasdasd"], ["LIMIT", 1]]
  ↳ app/controllers/api/users_controller.rb:6
  [1m[36mUser Exists (0.8ms)[0m  [1m[34mSELECT  1 AS one FROM "users" WHERE "users"."email" = $1 LIMIT $2[0m  [["email", "asdasdasd1asdad"], ["LIMIT", 1]]
  ↳ app/controllers/api/users_controller.rb:6
  [1m[35m (0.2ms)[0m  [1m[31mROLLBACK[0m
  ↳ app/controllers/api/users_controller.rb:6
No template found for Api::UsersController#create, rendering head :no_content
Completed 204 No Content in 1707ms (ActiveRecord: 4.3ms)


Started POST "/api/users" for ::1 at 2021-05-11 10:49:53 -0400
Processing by Api::UsersController#create as JSON
  Parameters: {"user"=>{"username"=>"asdasdasdasd", "email"=>"asdasdasd1asdad", "firstname"=>"asdasdasdasd", "lastname"=>"1232asdasdasdas", "password"=>"[FILTERED]", "aboutMe"=>"sadasdasdasasdasd"}}
Can't verify CSRF token authenticity.
  [1m[35m (22.5ms)[0m  [1m[35mBEGIN[0m
  ↳ app/controllers/api/users_controller.rb:6
No template found for Api::UsersController#create, rendering head :no_content
  [1m[36mUser Exists (0.9ms)[0m  [1m[34mSELECT  1 AS one FROM "users" WHERE "users"."username" = $1 LIMIT $2[0m  [["username", "asdasdasdasd"], ["LIMIT", 1]]
No template found for Api::UsersController#create, rendering head :no_content
Completed 204 No Content in 1730ms (ActiveRecord: 6.1ms)


  ↳ app/controllers/api/users_controller.rb:6
Completed 204 No Content in 1516ms (ActiveRecord: 9.9ms)


Started POST "/api/users" for ::1 at 2021-05-11 10:49:53 -0400
Started POST "/api/users" for ::1 at 2021-05-11 10:49:53 -0400
  [1m[36mUser Exists (4.8ms)[0m  [1m[34mSELECT  1 AS one FROM "users" WHERE "users"."email" = $1 LIMIT $2[0m  [["email", "asdasdasd1asdad"], ["LIMIT", 1]]
  ↳ app/controllers/api/users_controller.rb:6
Processing by Api::UsersController#create as JSON
  [1m[35m (0.2ms)[0m  [1m[31mROLLBACK[0m
  Parameters: {"user"=>{"username"=>"asdasdasdasd", "email"=>"asdasdasd1asdad", "firstname"=>"asdasdasdasd", "lastname"=>"1232asdasdasdas", "password"=>"[FILTERED]", "aboutMe"=>"sadasdasdasasdasd"}}
  ↳ app/controllers/api/users_controller.rb:6
Can't verify CSRF token authenticity.
Processing by Api::UsersController#create as JSON
  Parameters: {"user"=>{"username"=>"asdasdasdasd", "email"=>"asdasdasd1asdad", "firstname"=>"asdasdasdasd", "lastname"=>"1232asdasdasdas", "password"=>"[FILTERED]", "aboutMe"=>"sadasdasdasasdasd"}}
  [1m[35m (0.2ms)[0m  [1m[35mBEGIN[0m
Can't verify CSRF token authenticity.
  ↳ app/controllers/api/users_controller.rb:6
  [1m[35m (0.7ms)[0m  [1m[35mBEGIN[0m
  [1m[36mUser Exists (1.2ms)[0m  [1m[34mSELECT  1 AS one FROM "users" WHERE "users"."username" = $1 LIMIT $2[0m  [["username", "asdasdasdasd"], ["LIMIT", 1]]
  ↳ app/controllers/api/users_controller.rb:6
  ↳ app/controllers/api/users_controller.rb:6
No template found for Api::UsersController#create, rendering head :no_content
  [1m[36mUser Exists (1.6ms)[0m  [1m[34mSELECT  1 AS one FROM "users" WHERE "users"."username" = $1 LIMIT $2[0m  [["username", "asdasdasdasd"], ["LIMIT", 1]]
  [1m[36mUser Exists (1.0ms)[0m  [1m[34mSELECT  1 AS one FROM "users" WHERE "users"."email" = $1 LIMIT $2[0m  [["email", "asdasdasd1asdad"], ["LIMIT", 1]]
Completed 204 No Content in 1729ms (ActiveRecord: 3.7ms)


  ↳ app/controllers/api/users_controller.rb:6
  ↳ app/controllers/api/users_controller.rb:6
Started POST "/api/users" for ::1 at 2021-05-11 10:49:54 -0400
  [1m[36mUser Exists (1.4ms)[0m  [1m[34mSELECT  1 AS one FROM "users" WHERE "users"."email" = $1 LIMIT $2[0m  [["email", "asdasdasd1asdad"], ["LIMIT", 1]]
  ↳ app/controllers/api/users_controller.rb:6
Processing by Api::UsersController#create as JSON
  [1m[35m (1.7ms)[0m  [1m[31mROLLBACK[0m
  Parameters: {"user"=>{"username"=>"asdasdasdasd", "email"=>"asdasdasd1asdad", "firstname"=>"asdasdasdasd", "lastname"=>"1232asdasdasdas", "password"=>"[FILTERED]", "aboutMe"=>"sadasdasdasasdasd"}}
  [1m[35m (1.0ms)[0m  [1m[31mROLLBACK[0m
  ↳ app/controllers/api/users_controller.rb:6
Can't verify CSRF token authenticity.
  ↳ app/controllers/api/users_controller.rb:6
  [1m[35m (2.6ms)[0m  [1m[35mBEGIN[0m
  ↳ app/controllers/api/users_controller.rb:6
  [1m[36mUser Exists (2.1ms)[0m  [1m[34mSELECT  1 AS one FROM "users" WHERE "users"."username" = $1 LIMIT $2[0m  [["username", "asdasdasdasd"], ["LIMIT", 1]]
  ↳ app/controllers/api/users_controller.rb:6
  [1m[36mUser Exists (11.5ms)[0m  [1m[34mSELECT  1 AS one FROM "users" WHERE "users"."email" = $1 LIMIT $2[0m  [["email", "asdasdasd1asdad"], ["LIMIT", 1]]
  ↳ app/controllers/api/users_controller.rb:6
  [1m[35m (1.4ms)[0m  [1m[31mROLLBACK[0m
  ↳ app/controllers/api/users_controller.rb:6
No template found for Api::UsersController#create, rendering head :no_content
Completed 204 No Content in 1516ms (ActiveRecord: 28.4ms)


Started POST "/api/users" for ::1 at 2021-05-11 10:49:54 -0400
Processing by Api::UsersController#create as JSON
  Parameters: {"user"=>{"username"=>"asdasdasdasd", "email"=>"asdasdasd1asdad", "firstname"=>"asdasdasdasd", "lastname"=>"1232asdasdasdas", "password"=>"[FILTERED]", "aboutMe"=>"sadasdasdasasdasd"}}
Can't verify CSRF token authenticity.
No template found for Api::UsersController#create, rendering head :no_content
Completed 204 No Content in 2039ms (ActiveRecord: 2.1ms)


  [1m[35m (0.4ms)[0m  [1m[35mBEGIN[0m
  ↳ app/controllers/api/users_controller.rb:6
  [1m[36mUser Exists (0.4ms)[0m  [1m[34mSELECT  1 AS one FROM "users" WHERE "users"."username" = $1 LIMIT $2[0m  [["username", "asdasdasdasd"], ["LIMIT", 1]]
  ↳ app/controllers/api/users_controller.rb:6
  [1m[36mUser Exists (1.1ms)[0m  [1m[34mSELECT  1 AS one FROM "users" WHERE "users"."email" = $1 LIMIT $2[0m  [["email", "asdasdasd1asdad"], ["LIMIT", 1]]
  ↳ app/controllers/api/users_controller.rb:6
  [1m[35m (0.3ms)[0m  [1m[31mROLLBACK[0m
  ↳ app/controllers/api/users_controller.rb:6
No template found for Api::UsersController#create, rendering head :no_content
Completed 204 No Content in 1514ms (ActiveRecord: 4.0ms)


No template found for Api::UsersController#create, rendering head :no_content
Completed 204 No Content in 1077ms (ActiveRecord: 17.6ms)


No template found for Api::UsersController#create, rendering head :no_content
Completed 204 No Content in 1317ms (ActiveRecord: 4.8ms)


Started POST "/api/users" for ::1 at 2021-05-11 10:49:55 -0400
Processing by Api::UsersController#create as JSON
  Parameters: {"user"=>{"username"=>"asdasdasdasd", "email"=>"asdasdasd1asdad", "firstname"=>"asdasdasdasd", "lastname"=>"1232asdasdasdas", "password"=>"[FILTERED]", "aboutMe"=>"sadasdasdasasdasd"}}
Can't verify CSRF token authenticity.
  [1m[35m (0.3ms)[0m  [1m[35mBEGIN[0m
  ↳ app/controllers/api/users_controller.rb:6
  [1m[36mUser Exists (1.0ms)[0m  [1m[34mSELECT  1 AS one FROM "users" WHERE "users"."username" = $1 LIMIT $2[0m  [["username", "asdasdasdasd"], ["LIMIT", 1]]
  ↳ app/controllers/api/users_controller.rb:6
  [1m[36mUser Exists (0.3ms)[0m  [1m[34mSELECT  1 AS one FROM "users" WHERE "users"."email" = $1 LIMIT $2[0m  [["email", "asdasdasd1asdad"], ["LIMIT", 1]]
  ↳ app/controllers/api/users_controller.rb:6
  [1m[35m (0.2ms)[0m  [1m[31mROLLBACK[0m
  ↳ app/controllers/api/users_controller.rb:6
No template found for Api::UsersController#create, rendering head :no_content
Completed 204 No Content in 680ms (ActiveRecord: 2.2ms)


No template found for Api::UsersController#create, rendering head :no_content
Completed 204 No Content in 424ms (ActiveRecord: 1.8ms)


